2024-01-10 15:06:30,412 [Worker-5: Loading available Gradle versions] INFO  o.e.b.c.i.u.g.PublishedGradleVersions - Gradle version information cache is up-to-date. Trying to read.
2024-01-10 15:07:46,023 [Worker-2: Importing Maven projects] INFO  o.e.m.c.i.l.LifecycleMappingFactory - Using org.eclipse.m2e.jdt.JarLifecycleMapping lifecycle mapping for MavenProject: com.example.UserManager:UserManagerApplication:0.0.1-SNAPSHOT @ D:\New folder\Phase3\Phase3_lesson4_Project\UserManagerApplication\UserManagerApplication\pom.xml.
2024-01-10 15:07:47,669 [Worker-2: Importing Maven projects] INFO  o.e.m.j.i.AbstractJavaProjectConfigurator - Adding source folder /UserManagerApplication/src/main/java
2024-01-10 15:07:47,669 [Worker-2: Importing Maven projects] INFO  o.e.m.j.i.AbstractJavaProjectConfigurator - Adding resource folder /UserManagerApplication/src/main/resources
2024-01-10 15:07:47,677 [Worker-2: Importing Maven projects] INFO  o.e.m.j.i.AbstractJavaProjectConfigurator - Adding resource folder /UserManagerApplication/src/main/resources
2024-01-10 15:07:47,687 [Worker-2: Importing Maven projects] INFO  o.e.m.j.i.AbstractJavaProjectConfigurator - Adding source folder /UserManagerApplication/src/test/java
2024-01-10 15:07:47,688 [Worker-2: Importing Maven projects] INFO  o.e.m.j.i.AbstractJavaProjectConfigurator - Adding resource folder /UserManagerApplication/src/test/resources
2024-01-10 15:07:48,564 [Worker-2: Importing Maven projects] INFO  o.e.m.c.i.p.ProjectConfigurationManager - Imported and configured 1 project(s) in 4 sec
2024-01-10 15:07:48,687 [Worker-7: Updating Maven Project] INFO  o.e.m.c.i.p.ProjectConfigurationManager - Update started
2024-01-10 15:07:49,421 [Worker-7: Updating Maven Project] INFO  o.e.m.c.i.l.LifecycleMappingFactory - Using org.eclipse.m2e.jdt.JarLifecycleMapping lifecycle mapping for MavenProject: com.example.UserManager:UserManagerApplication:0.0.1-SNAPSHOT @ D:\New folder\Phase3\Phase3_lesson4_Project\UserManagerApplication\UserManagerApplication\pom.xml.
2024-01-10 15:07:50,706 [Worker-7: Updating Maven Project] INFO  o.e.m.j.i.AbstractJavaProjectConfigurator - Adding source folder /UserManagerApplication/src/main/java
2024-01-10 15:07:50,707 [Worker-7: Updating Maven Project] INFO  o.e.m.j.i.AbstractJavaProjectConfigurator - Adding resource folder /UserManagerApplication/src/main/resources
2024-01-10 15:07:50,708 [Worker-7: Updating Maven Project] INFO  o.e.m.j.i.AbstractJavaProjectConfigurator - Adding resource folder /UserManagerApplication/src/main/resources
2024-01-10 15:07:50,709 [Worker-7: Updating Maven Project] INFO  o.e.m.j.i.AbstractJavaProjectConfigurator - Adding source folder /UserManagerApplication/src/test/java
2024-01-10 15:07:50,709 [Worker-7: Updating Maven Project] INFO  o.e.m.j.i.AbstractJavaProjectConfigurator - Adding resource folder /UserManagerApplication/src/test/resources
2024-01-10 15:07:52,560 [Worker-7: Updating Maven Project] INFO  o.e.m.c.i.p.ProjectConfigurationManager - Update completed for 1 poms: local refresh takes 0.00 sec, refresh facades takes 1.00 sec, update config takes 0.00 sec 
2024-01-10 15:07:53,612 [Worker-7: Building] INFO  o.a.m.s.f.DefaultMavenResourcesFiltering - Copying 1 resource from src\main\resources to target\classes
2024-01-10 15:07:53,641 [Worker-7: Building] INFO  o.a.m.s.f.DefaultMavenResourcesFiltering - Copying 0 resource from src\main\resources to target\classes
2024-01-10 15:07:53,652 [Worker-7: Building] INFO  o.a.m.s.f.DefaultMavenResourcesFiltering - skip non existing resourceDirectory D:\New folder\Phase3\Phase3_lesson4_Project\UserManagerApplication\UserManagerApplication\src\test\resources
2024-01-10 17:38:24,554 [Worker-1: Loading available Gradle versions] INFO  o.e.b.c.i.u.g.PublishedGradleVersions - Gradle version information cache is up-to-date. Trying to read.
2024-01-10 17:42:18,533 [Worker-19: Updating Maven Project] INFO  o.e.m.c.i.p.ProjectConfigurationManager - Update started
2024-01-10 17:42:19,777 [Worker-19: Updating Maven Project] INFO  o.e.m.c.i.l.LifecycleMappingFactory - Using org.eclipse.m2e.jdt.JarLifecycleMapping lifecycle mapping for MavenProject: com.example.UserManager:UserManagerApplication:0.0.1-SNAPSHOT @ D:\New folder\Phase3\Phase3_lesson4_Project\UserManagerApplication\UserManagerApplication\pom.xml.
2024-01-10 17:42:21,252 [Worker-19: Updating Maven Project] INFO  o.e.m.j.i.AbstractJavaProjectConfigurator - Adding source folder /UserManagerApplication/src/main/java
2024-01-10 17:42:21,253 [Worker-19: Updating Maven Project] INFO  o.e.m.j.i.AbstractJavaProjectConfigurator - Adding resource folder /UserManagerApplication/src/main/resources
2024-01-10 17:42:21,253 [Worker-19: Updating Maven Project] INFO  o.e.m.j.i.AbstractJavaProjectConfigurator - Adding resource folder /UserManagerApplication/src/main/resources
2024-01-10 17:42:21,255 [Worker-19: Updating Maven Project] INFO  o.e.m.j.i.AbstractJavaProjectConfigurator - Adding source folder /UserManagerApplication/src/test/java
2024-01-10 17:42:21,255 [Worker-19: Updating Maven Project] INFO  o.e.m.j.i.AbstractJavaProjectConfigurator - Adding resource folder /UserManagerApplication/src/test/resources
2024-01-10 17:42:22,115 [Worker-19: Updating Maven Project] INFO  o.e.m.c.i.p.ProjectConfigurationManager - Update completed for 1 poms: local refresh takes 0.00 sec, refresh facades takes 2.00 sec, update config takes 0.00 sec 
2024-01-10 17:42:22,607 [Worker-21: Building] INFO  o.a.m.s.f.DefaultMavenResourcesFiltering - Copying 1 resource from src\main\resources to target\classes
2024-01-10 17:42:22,618 [Worker-21: Building] INFO  o.a.m.s.f.DefaultMavenResourcesFiltering - Copying 0 resource from src\main\resources to target\classes
2024-01-10 17:42:22,623 [Worker-21: Building] INFO  o.a.m.s.f.DefaultMavenResourcesFiltering - skip non existing resourceDirectory D:\New folder\Phase3\Phase3_lesson4_Project\UserManagerApplication\UserManagerApplication\src\test\resources
2024-01-10 17:46:44,224 [Worker-26: Building] INFO  o.a.m.s.f.DefaultMavenResourcesFiltering - Copying 1 resource from src\main\resources to target\classes
2024-01-10 17:46:44,241 [Worker-26: Building] INFO  o.a.m.s.f.DefaultMavenResourcesFiltering - Copying 0 resource from src\main\resources to target\classes
2024-01-10 17:46:44,246 [Worker-26: Building] INFO  o.a.m.s.f.DefaultMavenResourcesFiltering - skip non existing resourceDirectory D:\New folder\Phase3\Phase3_lesson4_Project\UserManagerApplication\UserManagerApplication\src\test\resources
2024-01-10 17:47:02,763 [Worker-26: Building] INFO  o.a.m.s.f.DefaultMavenResourcesFiltering - Copying 1 resource from src\main\resources to target\classes
2024-01-10 17:47:02,775 [Worker-26: Building] INFO  o.a.m.s.f.DefaultMavenResourcesFiltering - Copying 0 resource from src\main\resources to target\classes
2024-01-10 17:47:02,781 [Worker-26: Building] INFO  o.a.m.s.f.DefaultMavenResourcesFiltering - skip non existing resourceDirectory D:\New folder\Phase3\Phase3_lesson4_Project\UserManagerApplication\UserManagerApplication\src\test\resources
2024-01-10 17:47:06,171 [Worker-27: Building] INFO  o.e.m.c.i.l.LifecycleMappingFactory - Using org.eclipse.m2e.jdt.JarLifecycleMapping lifecycle mapping for MavenProject: com.example.UserManager:UserManagerApplication:0.0.1-SNAPSHOT @ D:\New folder\Phase3\Phase3_lesson4_Project\UserManagerApplication\UserManagerApplication\pom.xml.
2024-01-10 17:47:07,664 [Worker-27: Building] INFO  o.a.m.s.f.DefaultMavenResourcesFiltering - Copying 0 resource from src\main\resources to target\classes
2024-01-10 17:47:07,665 [Worker-27: Building] INFO  o.a.m.s.f.DefaultMavenResourcesFiltering - Copying 0 resource from src\main\resources to target\classes
2024-01-10 17:47:07,671 [Worker-27: Building] INFO  o.a.m.s.f.DefaultMavenResourcesFiltering - skip non existing resourceDirectory D:\New folder\Phase3\Phase3_lesson4_Project\UserManagerApplication\UserManagerApplication\src\test\resources
2024-01-10 17:47:14,825 [Worker-24: Updating Maven Project] INFO  o.e.m.c.i.p.ProjectConfigurationManager - Update started
2024-01-10 17:47:15,489 [Worker-24: Updating Maven Project] INFO  o.e.m.c.i.l.LifecycleMappingFactory - Using org.eclipse.m2e.jdt.JarLifecycleMapping lifecycle mapping for MavenProject: com.example.UserManager:UserManagerApplication:0.0.1-SNAPSHOT @ D:\New folder\Phase3\Phase3_lesson4_Project\UserManagerApplication\UserManagerApplication\pom.xml.
2024-01-10 17:47:17,175 [Worker-24: Updating Maven Project] INFO  o.e.m.j.i.AbstractJavaProjectConfigurator - Adding source folder /UserManagerApplication/src/main/java
2024-01-10 17:47:17,175 [Worker-24: Updating Maven Project] INFO  o.e.m.j.i.AbstractJavaProjectConfigurator - Adding resource folder /UserManagerApplication/src/main/resources
2024-01-10 17:47:17,175 [Worker-24: Updating Maven Project] INFO  o.e.m.j.i.AbstractJavaProjectConfigurator - Adding resource folder /UserManagerApplication/src/main/resources
2024-01-10 17:47:17,176 [Worker-24: Updating Maven Project] INFO  o.e.m.j.i.AbstractJavaProjectConfigurator - Adding source folder /UserManagerApplication/src/test/java
2024-01-10 17:47:17,176 [Worker-24: Updating Maven Project] INFO  o.e.m.j.i.AbstractJavaProjectConfigurator - Adding resource folder /UserManagerApplication/src/test/resources
2024-01-10 17:47:17,753 [Worker-24: Updating Maven Project] INFO  o.e.m.c.i.p.ProjectConfigurationManager - Update completed for 1 poms: local refresh takes 0.00 sec, refresh facades takes 2.00 sec, update config takes 0.00 sec 
2024-01-10 17:47:18,265 [Worker-24: Building] INFO  o.a.m.s.f.DefaultMavenResourcesFiltering - Copying 1 resource from src\main\resources to target\classes
2024-01-10 17:47:18,282 [Worker-24: Building] INFO  o.a.m.s.f.DefaultMavenResourcesFiltering - Copying 0 resource from src\main\resources to target\classes
2024-01-10 17:47:18,290 [Worker-24: Building] INFO  o.a.m.s.f.DefaultMavenResourcesFiltering - skip non existing resourceDirectory D:\New folder\Phase3\Phase3_lesson4_Project\UserManagerApplication\UserManagerApplication\src\test\resources
2024-01-10 17:48:10,474 [Worker-17: Building] INFO  o.a.m.s.f.DefaultMavenResourcesFiltering - Copying 1 resource from src\main\resources to target\classes
2024-01-10 17:48:10,481 [Worker-17: Building] INFO  o.a.m.s.f.DefaultMavenResourcesFiltering - Copying 0 resource from src\main\resources to target\classes
2024-01-10 17:48:10,485 [Worker-17: Building] INFO  o.a.m.s.f.DefaultMavenResourcesFiltering - skip non existing resourceDirectory D:\New folder\Phase3\Phase3_lesson4_Project\UserManagerApplication\UserManagerApplication\src\test\resources
2024-01-10 17:48:38,545 [Worker-17: Building] INFO  o.a.m.s.f.DefaultMavenResourcesFiltering - Copying 1 resource from src\main\resources to target\classes
2024-01-10 17:48:38,553 [Worker-17: Building] INFO  o.a.m.s.f.DefaultMavenResourcesFiltering - Copying 0 resource from src\main\resources to target\classes
2024-01-10 17:48:38,562 [Worker-17: Building] INFO  o.a.m.s.f.DefaultMavenResourcesFiltering - skip non existing resourceDirectory D:\New folder\Phase3\Phase3_lesson4_Project\UserManagerApplication\UserManagerApplication\src\test\resources
2024-01-10 17:49:53,891 [Worker-27: Building] INFO  o.a.m.s.f.DefaultMavenResourcesFiltering - Copying 1 resource from src\main\resources to target\classes
2024-01-10 17:49:53,898 [Worker-27: Building] INFO  o.a.m.s.f.DefaultMavenResourcesFiltering - Copying 0 resource from src\main\resources to target\classes
2024-01-10 17:49:53,903 [Worker-27: Building] INFO  o.a.m.s.f.DefaultMavenResourcesFiltering - skip non existing resourceDirectory D:\New folder\Phase3\Phase3_lesson4_Project\UserManagerApplication\UserManagerApplication\src\test\resources
2024-01-10 17:50:17,744 [Worker-26: Building] INFO  o.a.m.s.f.DefaultMavenResourcesFiltering - Copying 1 resource from src\main\resources to target\classes
2024-01-10 17:50:17,748 [Worker-26: Building] INFO  o.a.m.s.f.DefaultMavenResourcesFiltering - Copying 0 resource from src\main\resources to target\classes
2024-01-10 17:50:17,753 [Worker-26: Building] INFO  o.a.m.s.f.DefaultMavenResourcesFiltering - skip non existing resourceDirectory D:\New folder\Phase3\Phase3_lesson4_Project\UserManagerApplication\UserManagerApplication\src\test\resources
2024-01-10 17:50:31,955 [Worker-26: Building] INFO  o.a.m.s.f.DefaultMavenResourcesFiltering - Copying 1 resource from src\main\resources to target\classes
2024-01-10 17:50:31,963 [Worker-26: Building] INFO  o.a.m.s.f.DefaultMavenResourcesFiltering - Copying 0 resource from src\main\resources to target\classes
2024-01-10 17:50:31,968 [Worker-26: Building] INFO  o.a.m.s.f.DefaultMavenResourcesFiltering - skip non existing resourceDirectory D:\New folder\Phase3\Phase3_lesson4_Project\UserManagerApplication\UserManagerApplication\src\test\resources
2024-01-10 17:50:53,396 [Worker-24: Building] INFO  o.a.m.s.f.DefaultMavenResourcesFiltering - Copying 1 resource from src\main\resources to target\classes
2024-01-10 17:50:53,404 [Worker-24: Building] INFO  o.a.m.s.f.DefaultMavenResourcesFiltering - Copying 0 resource from src\main\resources to target\classes
2024-01-10 17:50:53,408 [Worker-24: Building] INFO  o.a.m.s.f.DefaultMavenResourcesFiltering - skip non existing resourceDirectory D:\New folder\Phase3\Phase3_lesson4_Project\UserManagerApplication\UserManagerApplication\src\test\resources
2024-01-10 17:51:03,637 [Worker-17: Building] INFO  o.a.m.s.f.DefaultMavenResourcesFiltering - Copying 1 resource from src\main\resources to target\classes
2024-01-10 17:51:03,642 [Worker-17: Building] INFO  o.a.m.s.f.DefaultMavenResourcesFiltering - Copying 0 resource from src\main\resources to target\classes
2024-01-10 17:51:03,645 [Worker-17: Building] INFO  o.a.m.s.f.DefaultMavenResourcesFiltering - skip non existing resourceDirectory D:\New folder\Phase3\Phase3_lesson4_Project\UserManagerApplication\UserManagerApplication\src\test\resources
2024-01-10 17:51:33,420 [Worker-23: Building] INFO  o.a.m.s.f.DefaultMavenResourcesFiltering - Copying 1 resource from src\main\resources to target\classes
2024-01-10 17:51:33,437 [Worker-23: Building] INFO  o.a.m.s.f.DefaultMavenResourcesFiltering - Copying 0 resource from src\main\resources to target\classes
2024-01-10 17:51:33,442 [Worker-23: Building] INFO  o.a.m.s.f.DefaultMavenResourcesFiltering - skip non existing resourceDirectory D:\New folder\Phase3\Phase3_lesson4_Project\UserManagerApplication\UserManagerApplication\src\test\resources
2024-01-10 17:51:47,992 [Worker-26: Building] INFO  o.a.m.s.f.DefaultMavenResourcesFiltering - Copying 1 resource from src\main\resources to target\classes
2024-01-10 17:51:47,996 [Worker-26: Building] INFO  o.a.m.s.f.DefaultMavenResourcesFiltering - Copying 0 resource from src\main\resources to target\classes
2024-01-10 17:51:48,002 [Worker-26: Building] INFO  o.a.m.s.f.DefaultMavenResourcesFiltering - skip non existing resourceDirectory D:\New folder\Phase3\Phase3_lesson4_Project\UserManagerApplication\UserManagerApplication\src\test\resources
2024-01-10 17:52:35,202 [Worker-24: Building] INFO  o.a.m.s.f.DefaultMavenResourcesFiltering - Copying 1 resource from src\main\resources to target\classes
2024-01-10 17:52:35,207 [Worker-24: Building] INFO  o.a.m.s.f.DefaultMavenResourcesFiltering - Copying 0 resource from src\main\resources to target\classes
2024-01-10 17:52:35,212 [Worker-24: Building] INFO  o.a.m.s.f.DefaultMavenResourcesFiltering - skip non existing resourceDirectory D:\New folder\Phase3\Phase3_lesson4_Project\UserManagerApplication\UserManagerApplication\src\test\resources
2024-01-10 17:52:44,231 [Worker-26: Building] INFO  o.a.m.s.f.DefaultMavenResourcesFiltering - Copying 1 resource from src\main\resources to target\classes
2024-01-10 17:52:44,236 [Worker-26: Building] INFO  o.a.m.s.f.DefaultMavenResourcesFiltering - Copying 0 resource from src\main\resources to target\classes
2024-01-10 17:52:44,240 [Worker-26: Building] INFO  o.a.m.s.f.DefaultMavenResourcesFiltering - skip non existing resourceDirectory D:\New folder\Phase3\Phase3_lesson4_Project\UserManagerApplication\UserManagerApplication\src\test\resources
2024-01-10 17:53:02,271 [Worker-24: Building] INFO  o.a.m.s.f.DefaultMavenResourcesFiltering - Copying 1 resource from src\main\resources to target\classes
2024-01-10 17:53:02,275 [Worker-24: Building] INFO  o.a.m.s.f.DefaultMavenResourcesFiltering - Copying 0 resource from src\main\resources to target\classes
2024-01-10 17:53:02,284 [Worker-24: Building] INFO  o.a.m.s.f.DefaultMavenResourcesFiltering - skip non existing resourceDirectory D:\New folder\Phase3\Phase3_lesson4_Project\UserManagerApplication\UserManagerApplication\src\test\resources
2024-01-10 17:53:07,181 [Worker-17: Building] INFO  o.a.m.s.f.DefaultMavenResourcesFiltering - Copying 1 resource from src\main\resources to target\classes
2024-01-10 17:53:07,185 [Worker-17: Building] INFO  o.a.m.s.f.DefaultMavenResourcesFiltering - Copying 0 resource from src\main\resources to target\classes
2024-01-10 17:53:07,188 [Worker-17: Building] INFO  o.a.m.s.f.DefaultMavenResourcesFiltering - skip non existing resourceDirectory D:\New folder\Phase3\Phase3_lesson4_Project\UserManagerApplication\UserManagerApplication\src\test\resources
2024-01-10 17:53:52,753 [Worker-28: Building] INFO  o.a.m.s.f.DefaultMavenResourcesFiltering - Copying 1 resource from src\main\resources to target\classes
2024-01-10 17:53:52,759 [Worker-28: Building] INFO  o.a.m.s.f.DefaultMavenResourcesFiltering - Copying 0 resource from src\main\resources to target\classes
2024-01-10 17:53:52,765 [Worker-28: Building] INFO  o.a.m.s.f.DefaultMavenResourcesFiltering - skip non existing resourceDirectory D:\New folder\Phase3\Phase3_lesson4_Project\UserManagerApplication\UserManagerApplication\src\test\resources
2024-01-10 17:54:50,822 [Worker-23: Building] INFO  o.a.m.s.f.DefaultMavenResourcesFiltering - Copying 1 resource from src\main\resources to target\classes
2024-01-10 17:54:50,828 [Worker-23: Building] INFO  o.a.m.s.f.DefaultMavenResourcesFiltering - Copying 0 resource from src\main\resources to target\classes
2024-01-10 17:54:50,832 [Worker-23: Building] INFO  o.a.m.s.f.DefaultMavenResourcesFiltering - skip non existing resourceDirectory D:\New folder\Phase3\Phase3_lesson4_Project\UserManagerApplication\UserManagerApplication\src\test\resources
2024-01-10 17:55:08,910 [Worker-23: Building] INFO  o.a.m.s.f.DefaultMavenResourcesFiltering - Copying 1 resource from src\main\resources to target\classes
2024-01-10 17:55:08,915 [Worker-23: Building] INFO  o.a.m.s.f.DefaultMavenResourcesFiltering - Copying 0 resource from src\main\resources to target\classes
2024-01-10 17:55:08,920 [Worker-23: Building] INFO  o.a.m.s.f.DefaultMavenResourcesFiltering - skip non existing resourceDirectory D:\New folder\Phase3\Phase3_lesson4_Project\UserManagerApplication\UserManagerApplication\src\test\resources
2024-01-10 17:56:21,493 [Worker-28: Building] INFO  o.a.m.s.f.DefaultMavenResourcesFiltering - Copying 0 resource from src\main\resources to target\classes
2024-01-10 17:56:21,493 [Worker-28: Building] INFO  o.a.m.s.f.DefaultMavenResourcesFiltering - Copying 0 resource from src\main\resources to target\classes
2024-01-10 17:56:21,497 [Worker-28: Building] INFO  o.a.m.s.f.DefaultMavenResourcesFiltering - skip non existing resourceDirectory D:\New folder\Phase3\Phase3_lesson4_Project\UserManagerApplication\UserManagerApplication\src\test\resources
2024-01-10 17:56:40,121 [Worker-27: Building] INFO  o.a.m.s.f.DefaultMavenResourcesFiltering - Copying 0 resource from src\main\resources to target\classes
2024-01-10 17:56:40,122 [Worker-27: Building] INFO  o.a.m.s.f.DefaultMavenResourcesFiltering - Copying 0 resource from src\main\resources to target\classes
2024-01-10 17:56:40,127 [Worker-27: Building] INFO  o.a.m.s.f.DefaultMavenResourcesFiltering - skip non existing resourceDirectory D:\New folder\Phase3\Phase3_lesson4_Project\UserManagerApplication\UserManagerApplication\src\test\resources
2024-01-10 17:57:13,961 [Worker-24: Building] INFO  o.a.m.s.f.DefaultMavenResourcesFiltering - Copying 0 resource from src\main\resources to target\classes
2024-01-10 17:57:13,962 [Worker-24: Building] INFO  o.a.m.s.f.DefaultMavenResourcesFiltering - Copying 0 resource from src\main\resources to target\classes
2024-01-10 17:57:13,965 [Worker-24: Building] INFO  o.a.m.s.f.DefaultMavenResourcesFiltering - skip non existing resourceDirectory D:\New folder\Phase3\Phase3_lesson4_Project\UserManagerApplication\UserManagerApplication\src\test\resources
2024-01-10 17:57:57,182 [Worker-29: Building] INFO  o.a.m.s.f.DefaultMavenResourcesFiltering - Copying 0 resource from src\main\resources to target\classes
2024-01-10 17:57:57,183 [Worker-29: Building] INFO  o.a.m.s.f.DefaultMavenResourcesFiltering - Copying 0 resource from src\main\resources to target\classes
2024-01-10 17:57:57,185 [Worker-29: Building] INFO  o.a.m.s.f.DefaultMavenResourcesFiltering - skip non existing resourceDirectory D:\New folder\Phase3\Phase3_lesson4_Project\UserManagerApplication\UserManagerApplication\src\test\resources
2024-01-10 17:58:14,003 [Worker-28: Building] INFO  o.a.m.s.f.DefaultMavenResourcesFiltering - Copying 0 resource from src\main\resources to target\classes
2024-01-10 17:58:14,004 [Worker-28: Building] INFO  o.a.m.s.f.DefaultMavenResourcesFiltering - Copying 0 resource from src\main\resources to target\classes
2024-01-10 17:58:14,007 [Worker-28: Building] INFO  o.a.m.s.f.DefaultMavenResourcesFiltering - skip non existing resourceDirectory D:\New folder\Phase3\Phase3_lesson4_Project\UserManagerApplication\UserManagerApplication\src\test\resources
2024-01-10 17:58:48,271 [Worker-29: Building] INFO  o.a.m.s.f.DefaultMavenResourcesFiltering - Copying 0 resource from src\main\resources to target\classes
2024-01-10 17:58:48,272 [Worker-29: Building] INFO  o.a.m.s.f.DefaultMavenResourcesFiltering - Copying 0 resource from src\main\resources to target\classes
2024-01-10 17:58:48,278 [Worker-29: Building] INFO  o.a.m.s.f.DefaultMavenResourcesFiltering - skip non existing resourceDirectory D:\New folder\Phase3\Phase3_lesson4_Project\UserManagerApplication\UserManagerApplication\src\test\resources
2024-01-10 17:59:02,352 [Worker-24: Building] INFO  o.a.m.s.f.DefaultMavenResourcesFiltering - Copying 0 resource from src\main\resources to target\classes
2024-01-10 17:59:02,353 [Worker-24: Building] INFO  o.a.m.s.f.DefaultMavenResourcesFiltering - Copying 0 resource from src\main\resources to target\classes
2024-01-10 17:59:02,358 [Worker-24: Building] INFO  o.a.m.s.f.DefaultMavenResourcesFiltering - skip non existing resourceDirectory D:\New folder\Phase3\Phase3_lesson4_Project\UserManagerApplication\UserManagerApplication\src\test\resources
2024-01-10 17:59:18,391 [Worker-23: Building] INFO  o.a.m.s.f.DefaultMavenResourcesFiltering - Copying 0 resource from src\main\resources to target\classes
2024-01-10 17:59:18,392 [Worker-23: Building] INFO  o.a.m.s.f.DefaultMavenResourcesFiltering - Copying 0 resource from src\main\resources to target\classes
2024-01-10 17:59:18,395 [Worker-23: Building] INFO  o.a.m.s.f.DefaultMavenResourcesFiltering - skip non existing resourceDirectory D:\New folder\Phase3\Phase3_lesson4_Project\UserManagerApplication\UserManagerApplication\src\test\resources
2024-01-10 17:59:41,434 [Worker-28: Building] INFO  o.a.m.s.f.DefaultMavenResourcesFiltering - Copying 0 resource from src\main\resources to target\classes
2024-01-10 17:59:41,436 [Worker-28: Building] INFO  o.a.m.s.f.DefaultMavenResourcesFiltering - Copying 0 resource from src\main\resources to target\classes
2024-01-10 17:59:41,441 [Worker-28: Building] INFO  o.a.m.s.f.DefaultMavenResourcesFiltering - skip non existing resourceDirectory D:\New folder\Phase3\Phase3_lesson4_Project\UserManagerApplication\UserManagerApplication\src\test\resources
2024-01-10 18:00:11,110 [Worker-27: Building] INFO  o.a.m.s.f.DefaultMavenResourcesFiltering - Copying 0 resource from src\main\resources to target\classes
2024-01-10 18:00:11,111 [Worker-27: Building] INFO  o.a.m.s.f.DefaultMavenResourcesFiltering - Copying 0 resource from src\main\resources to target\classes
2024-01-10 18:00:11,115 [Worker-27: Building] INFO  o.a.m.s.f.DefaultMavenResourcesFiltering - skip non existing resourceDirectory D:\New folder\Phase3\Phase3_lesson4_Project\UserManagerApplication\UserManagerApplication\src\test\resources
2024-01-10 18:00:36,664 [Worker-24: Building] INFO  o.a.m.s.f.DefaultMavenResourcesFiltering - Copying 0 resource from src\main\resources to target\classes
2024-01-10 18:00:36,664 [Worker-24: Building] INFO  o.a.m.s.f.DefaultMavenResourcesFiltering - Copying 0 resource from src\main\resources to target\classes
2024-01-10 18:00:36,667 [Worker-24: Building] INFO  o.a.m.s.f.DefaultMavenResourcesFiltering - skip non existing resourceDirectory D:\New folder\Phase3\Phase3_lesson4_Project\UserManagerApplication\UserManagerApplication\src\test\resources
2024-01-10 18:00:59,803 [Worker-23: Building] INFO  o.a.m.s.f.DefaultMavenResourcesFiltering - Copying 0 resource from src\main\resources to target\classes
2024-01-10 18:00:59,804 [Worker-23: Building] INFO  o.a.m.s.f.DefaultMavenResourcesFiltering - Copying 0 resource from src\main\resources to target\classes
2024-01-10 18:00:59,807 [Worker-23: Building] INFO  o.a.m.s.f.DefaultMavenResourcesFiltering - skip non existing resourceDirectory D:\New folder\Phase3\Phase3_lesson4_Project\UserManagerApplication\UserManagerApplication\src\test\resources
2024-01-10 18:01:16,835 [Worker-27: Building] INFO  o.a.m.s.f.DefaultMavenResourcesFiltering - Copying 0 resource from src\main\resources to target\classes
2024-01-10 18:01:16,835 [Worker-27: Building] INFO  o.a.m.s.f.DefaultMavenResourcesFiltering - Copying 0 resource from src\main\resources to target\classes
2024-01-10 18:01:16,840 [Worker-27: Building] INFO  o.a.m.s.f.DefaultMavenResourcesFiltering - skip non existing resourceDirectory D:\New folder\Phase3\Phase3_lesson4_Project\UserManagerApplication\UserManagerApplication\src\test\resources
2024-01-10 18:01:40,126 [Worker-23: Building] INFO  o.a.m.s.f.DefaultMavenResourcesFiltering - Copying 0 resource from src\main\resources to target\classes
2024-01-10 18:01:40,127 [Worker-23: Building] INFO  o.a.m.s.f.DefaultMavenResourcesFiltering - Copying 0 resource from src\main\resources to target\classes
2024-01-10 18:01:40,131 [Worker-23: Building] INFO  o.a.m.s.f.DefaultMavenResourcesFiltering - skip non existing resourceDirectory D:\New folder\Phase3\Phase3_lesson4_Project\UserManagerApplication\UserManagerApplication\src\test\resources
2024-01-10 18:22:25,755 [Worker-23: Building] INFO  o.a.m.s.f.DefaultMavenResourcesFiltering - Copying 0 resource from src\main\resources to target\classes
2024-01-10 18:22:25,756 [Worker-23: Building] INFO  o.a.m.s.f.DefaultMavenResourcesFiltering - Copying 0 resource from src\main\resources to target\classes
2024-01-10 18:22:25,759 [Worker-23: Building] INFO  o.a.m.s.f.DefaultMavenResourcesFiltering - skip non existing resourceDirectory D:\New folder\Phase3\Phase3_lesson4_Project\UserManagerApplication\UserManagerApplication\src\test\resources
2024-01-10 18:22:44,983 [Worker-31: Building] INFO  o.a.m.s.f.DefaultMavenResourcesFiltering - Copying 0 resource from src\main\resources to target\classes
2024-01-10 18:22:44,984 [Worker-31: Building] INFO  o.a.m.s.f.DefaultMavenResourcesFiltering - Copying 0 resource from src\main\resources to target\classes
2024-01-10 18:22:44,988 [Worker-31: Building] INFO  o.a.m.s.f.DefaultMavenResourcesFiltering - skip non existing resourceDirectory D:\New folder\Phase3\Phase3_lesson4_Project\UserManagerApplication\UserManagerApplication\src\test\resources
2024-01-10 18:24:39,604 [Worker-29: Building] INFO  o.a.m.s.f.DefaultMavenResourcesFiltering - Copying 0 resource from src\main\resources to target\classes
2024-01-10 18:24:39,605 [Worker-29: Building] INFO  o.a.m.s.f.DefaultMavenResourcesFiltering - Copying 0 resource from src\main\resources to target\classes
2024-01-10 18:24:39,608 [Worker-29: Building] INFO  o.a.m.s.f.DefaultMavenResourcesFiltering - skip non existing resourceDirectory D:\New folder\Phase3\Phase3_lesson4_Project\UserManagerApplication\UserManagerApplication\src\test\resources
2024-01-10 18:26:22,777 [Worker-23: Building] INFO  o.a.m.s.f.DefaultMavenResourcesFiltering - Copying 0 resource from src\main\resources to target\classes
2024-01-10 18:26:22,779 [Worker-23: Building] INFO  o.a.m.s.f.DefaultMavenResourcesFiltering - Copying 0 resource from src\main\resources to target\classes
2024-01-10 18:26:22,782 [Worker-23: Building] INFO  o.a.m.s.f.DefaultMavenResourcesFiltering - skip non existing resourceDirectory D:\New folder\Phase3\Phase3_lesson4_Project\UserManagerApplication\UserManagerApplication\src\test\resources
2024-01-10 18:26:36,029 [Worker-33: Building] INFO  o.a.m.s.f.DefaultMavenResourcesFiltering - Copying 0 resource from src\main\resources to target\classes
2024-01-10 18:26:36,030 [Worker-33: Building] INFO  o.a.m.s.f.DefaultMavenResourcesFiltering - Copying 0 resource from src\main\resources to target\classes
2024-01-10 18:26:36,034 [Worker-33: Building] INFO  o.a.m.s.f.DefaultMavenResourcesFiltering - skip non existing resourceDirectory D:\New folder\Phase3\Phase3_lesson4_Project\UserManagerApplication\UserManagerApplication\src\test\resources
2024-01-10 18:27:35,051 [Worker-33: Building] INFO  o.a.m.s.f.DefaultMavenResourcesFiltering - Copying 1 resource from src\main\resources to target\classes
2024-01-10 18:27:35,057 [Worker-33: Building] INFO  o.a.m.s.f.DefaultMavenResourcesFiltering - Copying 0 resource from src\main\resources to target\classes
2024-01-10 18:27:35,061 [Worker-33: Building] INFO  o.a.m.s.f.DefaultMavenResourcesFiltering - skip non existing resourceDirectory D:\New folder\Phase3\Phase3_lesson4_Project\UserManagerApplication\UserManagerApplication\src\test\resources
2024-01-10 18:29:58,456 [Worker-36: Building] INFO  o.a.m.s.f.DefaultMavenResourcesFiltering - Copying 1 resource from src\main\resources to target\classes
2024-01-10 18:29:58,462 [Worker-36: Building] INFO  o.a.m.s.f.DefaultMavenResourcesFiltering - Copying 0 resource from src\main\resources to target\classes
2024-01-10 18:29:58,466 [Worker-36: Building] INFO  o.a.m.s.f.DefaultMavenResourcesFiltering - skip non existing resourceDirectory D:\New folder\Phase3\Phase3_lesson4_Project\UserManagerApplication\UserManagerApplication\src\test\resources
2024-01-10 18:30:18,326 [Worker-32: Building] INFO  o.a.m.s.f.DefaultMavenResourcesFiltering - Copying 1 resource from src\main\resources to target\classes
2024-01-10 18:30:18,332 [Worker-32: Building] INFO  o.a.m.s.f.DefaultMavenResourcesFiltering - Copying 0 resource from src\main\resources to target\classes
2024-01-10 18:30:18,335 [Worker-32: Building] INFO  o.a.m.s.f.DefaultMavenResourcesFiltering - skip non existing resourceDirectory D:\New folder\Phase3\Phase3_lesson4_Project\UserManagerApplication\UserManagerApplication\src\test\resources
2024-01-10 18:30:54,188 [Worker-32: Building] INFO  o.a.m.s.f.DefaultMavenResourcesFiltering - Copying 1 resource from src\main\resources to target\classes
2024-01-10 18:30:54,194 [Worker-32: Building] INFO  o.a.m.s.f.DefaultMavenResourcesFiltering - Copying 0 resource from src\main\resources to target\classes
2024-01-10 18:30:54,198 [Worker-32: Building] INFO  o.a.m.s.f.DefaultMavenResourcesFiltering - skip non existing resourceDirectory D:\New folder\Phase3\Phase3_lesson4_Project\UserManagerApplication\UserManagerApplication\src\test\resources
2024-01-10 18:31:05,617 [Start Help Server] INFO  org.eclipse.jetty.server.Server - jetty-12.0.3; built: 2023-10-27T03:25:22.284Z; git: a873259fd5af141dedaa6c7fa8fe8fbdedce0d61; jvm 18.0.1.1+2-6
2024-01-10 18:31:05,706 [Start Help Server] INFO  o.e.j.server.handler.ContextHandler - Started oeje8n.ContextHandler$CoreContextHandler@2c466f74{/help,/help,b=null,a=AVAILABLE,h=oeje8n.ContextHandler$CoreContextHandler$CoreToNestedHandler@1637acba{STARTED}}
2024-01-10 18:31:05,706 [Start Help Server] INFO  o.e.j.s.DefaultSessionIdManager - Session workerName=node0
2024-01-10 18:31:05,777 [Start Help Server] INFO  o.e.jetty.server.AbstractConnector - Started ServerConnector@cbeec3c{HTTP/1.1, (http/1.1)}{127.0.0.1:62805}
2024-01-10 18:31:05,824 [Start Help Server] INFO  org.eclipse.jetty.server.Server - Started oejs.Server@1b16663f{STARTING}[12.0.3,sto=0] @3180305ms
2024-01-10 18:31:11,617 [Worker-35: Building] INFO  o.a.m.s.f.DefaultMavenResourcesFiltering - Copying 1 resource from src\main\resources to target\classes
2024-01-10 18:31:11,622 [Worker-35: Building] INFO  o.a.m.s.f.DefaultMavenResourcesFiltering - Copying 0 resource from src\main\resources to target\classes
2024-01-10 18:31:11,625 [Worker-35: Building] INFO  o.a.m.s.f.DefaultMavenResourcesFiltering - skip non existing resourceDirectory D:\New folder\Phase3\Phase3_lesson4_Project\UserManagerApplication\UserManagerApplication\src\test\resources
2024-01-10 18:31:20,828 [Worker-32: Building] INFO  o.a.m.s.f.DefaultMavenResourcesFiltering - Copying 1 resource from src\main\resources to target\classes
2024-01-10 18:31:20,835 [Worker-32: Building] INFO  o.a.m.s.f.DefaultMavenResourcesFiltering - Copying 0 resource from src\main\resources to target\classes
2024-01-10 18:31:20,842 [Worker-32: Building] INFO  o.a.m.s.f.DefaultMavenResourcesFiltering - skip non existing resourceDirectory D:\New folder\Phase3\Phase3_lesson4_Project\UserManagerApplication\UserManagerApplication\src\test\resources
2024-01-10 18:32:13,139 [Worker-36: Building] INFO  o.a.m.s.f.DefaultMavenResourcesFiltering - Copying 1 resource from src\main\resources to target\classes
2024-01-10 18:32:13,144 [Worker-36: Building] INFO  o.a.m.s.f.DefaultMavenResourcesFiltering - Copying 0 resource from src\main\resources to target\classes
2024-01-10 18:32:13,146 [Worker-36: Building] INFO  o.a.m.s.f.DefaultMavenResourcesFiltering - skip non existing resourceDirectory D:\New folder\Phase3\Phase3_lesson4_Project\UserManagerApplication\UserManagerApplication\src\test\resources
2024-01-10 18:32:21,736 [Worker-37: Building] INFO  o.a.m.s.f.DefaultMavenResourcesFiltering - Copying 0 resource from src\main\resources to target\classes
2024-01-10 18:32:21,737 [Worker-37: Building] INFO  o.a.m.s.f.DefaultMavenResourcesFiltering - Copying 0 resource from src\main\resources to target\classes
2024-01-10 18:32:21,742 [Worker-37: Building] INFO  o.a.m.s.f.DefaultMavenResourcesFiltering - skip non existing resourceDirectory D:\New folder\Phase3\Phase3_lesson4_Project\UserManagerApplication\UserManagerApplication\src\test\resources
2024-01-10 18:32:33,911 [Worker-38: Building] INFO  o.a.m.s.f.DefaultMavenResourcesFiltering - Copying 0 resource from src\main\resources to target\classes
2024-01-10 18:32:33,912 [Worker-38: Building] INFO  o.a.m.s.f.DefaultMavenResourcesFiltering - Copying 0 resource from src\main\resources to target\classes
2024-01-10 18:32:33,915 [Worker-38: Building] INFO  o.a.m.s.f.DefaultMavenResourcesFiltering - skip non existing resourceDirectory D:\New folder\Phase3\Phase3_lesson4_Project\UserManagerApplication\UserManagerApplication\src\test\resources
2024-01-10 18:32:52,291 [Worker-32: Building] INFO  o.a.m.s.f.DefaultMavenResourcesFiltering - Copying 0 resource from src\main\resources to target\classes
2024-01-10 18:32:52,292 [Worker-32: Building] INFO  o.a.m.s.f.DefaultMavenResourcesFiltering - Copying 0 resource from src\main\resources to target\classes
2024-01-10 18:32:52,297 [Worker-32: Building] INFO  o.a.m.s.f.DefaultMavenResourcesFiltering - skip non existing resourceDirectory D:\New folder\Phase3\Phase3_lesson4_Project\UserManagerApplication\UserManagerApplication\src\test\resources
2024-01-10 18:34:13,815 [Worker-38: Building] INFO  o.a.m.s.f.DefaultMavenResourcesFiltering - Copying 0 resource from src\main\resources to target\classes
2024-01-10 18:34:13,816 [Worker-38: Building] INFO  o.a.m.s.f.DefaultMavenResourcesFiltering - Copying 0 resource from src\main\resources to target\classes
2024-01-10 18:34:13,822 [Worker-38: Building] INFO  o.a.m.s.f.DefaultMavenResourcesFiltering - skip non existing resourceDirectory D:\New folder\Phase3\Phase3_lesson4_Project\UserManagerApplication\UserManagerApplication\src\test\resources
2024-01-10 18:34:26,258 [Worker-39: Building] INFO  o.a.m.s.f.DefaultMavenResourcesFiltering - Copying 0 resource from src\main\resources to target\classes
2024-01-10 18:34:26,258 [Worker-39: Building] INFO  o.a.m.s.f.DefaultMavenResourcesFiltering - Copying 0 resource from src\main\resources to target\classes
2024-01-10 18:34:26,261 [Worker-39: Building] INFO  o.a.m.s.f.DefaultMavenResourcesFiltering - skip non existing resourceDirectory D:\New folder\Phase3\Phase3_lesson4_Project\UserManagerApplication\UserManagerApplication\src\test\resources
2024-01-10 18:34:33,855 [Worker-38: Building] INFO  o.a.m.s.f.DefaultMavenResourcesFiltering - Copying 0 resource from src\main\resources to target\classes
2024-01-10 18:34:33,856 [Worker-38: Building] INFO  o.a.m.s.f.DefaultMavenResourcesFiltering - Copying 0 resource from src\main\resources to target\classes
2024-01-10 18:34:33,860 [Worker-38: Building] INFO  o.a.m.s.f.DefaultMavenResourcesFiltering - skip non existing resourceDirectory D:\New folder\Phase3\Phase3_lesson4_Project\UserManagerApplication\UserManagerApplication\src\test\resources
2024-01-10 18:34:46,485 [Worker-41: Building] INFO  o.a.m.s.f.DefaultMavenResourcesFiltering - Copying 0 resource from src\main\resources to target\classes
2024-01-10 18:34:46,486 [Worker-41: Building] INFO  o.a.m.s.f.DefaultMavenResourcesFiltering - Copying 0 resource from src\main\resources to target\classes
2024-01-10 18:34:46,489 [Worker-41: Building] INFO  o.a.m.s.f.DefaultMavenResourcesFiltering - skip non existing resourceDirectory D:\New folder\Phase3\Phase3_lesson4_Project\UserManagerApplication\UserManagerApplication\src\test\resources
2024-01-10 18:35:41,052 [Worker-38: Updating Maven Project] INFO  o.e.m.c.i.p.ProjectConfigurationManager - Update started
2024-01-10 18:35:41,606 [Worker-38: Updating Maven Project] INFO  o.e.m.c.i.l.LifecycleMappingFactory - Using org.eclipse.m2e.jdt.JarLifecycleMapping lifecycle mapping for MavenProject: com.example.UserManager:UserManagerApplication:0.0.1-SNAPSHOT @ D:\New folder\Phase3\Phase3_lesson4_Project\UserManagerApplication\UserManagerApplication\pom.xml.
2024-01-10 18:35:42,654 [Worker-38: Updating Maven Project] INFO  o.e.m.j.i.AbstractJavaProjectConfigurator - Adding source folder /UserManagerApplication/src/main/java
2024-01-10 18:35:42,654 [Worker-38: Updating Maven Project] INFO  o.e.m.j.i.AbstractJavaProjectConfigurator - Adding resource folder /UserManagerApplication/src/main/resources
2024-01-10 18:35:42,654 [Worker-38: Updating Maven Project] INFO  o.e.m.j.i.AbstractJavaProjectConfigurator - Adding resource folder /UserManagerApplication/src/main/resources
2024-01-10 18:35:42,654 [Worker-38: Updating Maven Project] INFO  o.e.m.j.i.AbstractJavaProjectConfigurator - Adding source folder /UserManagerApplication/src/test/java
2024-01-10 18:35:42,654 [Worker-38: Updating Maven Project] INFO  o.e.m.j.i.AbstractJavaProjectConfigurator - Adding resource folder /UserManagerApplication/src/test/resources
2024-01-10 18:35:43,010 [Worker-38: Updating Maven Project] INFO  o.e.m.c.i.p.ProjectConfigurationManager - Update completed for 1 poms: local refresh takes 0.00 sec, refresh facades takes 1.00 sec, update config takes 0.00 sec 
2024-01-10 18:35:43,418 [Worker-41: Building] INFO  o.a.m.s.f.DefaultMavenResourcesFiltering - Copying 1 resource from src\main\resources to target\classes
2024-01-10 18:35:43,427 [Worker-41: Building] INFO  o.a.m.s.f.DefaultMavenResourcesFiltering - Copying 0 resource from src\main\resources to target\classes
2024-01-10 18:35:43,430 [Worker-41: Building] INFO  o.a.m.s.f.DefaultMavenResourcesFiltering - skip non existing resourceDirectory D:\New folder\Phase3\Phase3_lesson4_Project\UserManagerApplication\UserManagerApplication\src\test\resources
2024-01-10 19:16:06,634 [Stop Help Server] INFO  org.eclipse.jetty.server.Server - Stopped oejs.Server@1b16663f{STOPPING}[12.0.3,sto=0]
2024-01-10 19:16:06,641 [Stop Help Server] INFO  o.e.jetty.server.AbstractConnector - Stopped ServerConnector@cbeec3c{HTTP/1.1, (http/1.1)}{127.0.0.1:0}
