2024-01-09 14:28:32,593 [Worker-4: Loading available Gradle versions] INFO  o.e.b.c.i.u.g.PublishedGradleVersions - Gradle version information cache is up-to-date. Trying to read.
2024-01-09 14:28:54,101 [Worker-7: Importing Maven projects] INFO  o.e.m.c.i.l.LifecycleMappingFactory - Using org.eclipse.m2e.jdt.JarLifecycleMapping lifecycle mapping for MavenProject: com.example:VaccinationCentreApplication:0.0.1-SNAPSHOT @ D:\New folder\Phase3\Vaccination-Main Project\VaccinationCentreApplication\VaccinationCentreApplication\pom.xml.
2024-01-09 14:28:58,474 [Worker-7: Importing Maven projects] INFO  o.e.m.j.i.AbstractJavaProjectConfigurator - Adding source folder /VaccinationCentreApplication/src/main/java
2024-01-09 14:28:58,475 [Worker-7: Importing Maven projects] INFO  o.e.m.j.i.AbstractJavaProjectConfigurator - Adding resource folder /VaccinationCentreApplication/src/main/resources
2024-01-09 14:28:58,488 [Worker-7: Importing Maven projects] INFO  o.e.m.j.i.AbstractJavaProjectConfigurator - Adding resource folder /VaccinationCentreApplication/src/main/resources
2024-01-09 14:28:58,501 [Worker-7: Importing Maven projects] INFO  o.e.m.j.i.AbstractJavaProjectConfigurator - Adding source folder /VaccinationCentreApplication/src/test/java
2024-01-09 14:28:58,501 [Worker-7: Importing Maven projects] INFO  o.e.m.j.i.AbstractJavaProjectConfigurator - Adding resource folder /VaccinationCentreApplication/src/test/resources
2024-01-09 14:29:02,338 [Worker-7: Importing Maven projects] INFO  o.e.m.c.i.p.ProjectConfigurationManager - Imported and configured 1 project(s) in 11 sec
2024-01-09 14:29:02,438 [Worker-20: Updating Maven Project] INFO  o.e.m.c.i.p.ProjectConfigurationManager - Update started
2024-01-09 14:29:04,574 [Worker-20: Updating Maven Project] INFO  o.e.m.c.i.l.LifecycleMappingFactory - Using org.eclipse.m2e.jdt.JarLifecycleMapping lifecycle mapping for MavenProject: com.example:VaccinationCentreApplication:0.0.1-SNAPSHOT @ D:\New folder\Phase3\Vaccination-Main Project\VaccinationCentreApplication\VaccinationCentreApplication\pom.xml.
2024-01-09 14:29:08,645 [Worker-20: Updating Maven Project] INFO  o.e.m.j.i.AbstractJavaProjectConfigurator - Adding source folder /VaccinationCentreApplication/src/main/java
2024-01-09 14:29:08,646 [Worker-20: Updating Maven Project] INFO  o.e.m.j.i.AbstractJavaProjectConfigurator - Adding resource folder /VaccinationCentreApplication/src/main/resources
2024-01-09 14:29:08,646 [Worker-20: Updating Maven Project] INFO  o.e.m.j.i.AbstractJavaProjectConfigurator - Adding resource folder /VaccinationCentreApplication/src/main/resources
2024-01-09 14:29:08,647 [Worker-20: Updating Maven Project] INFO  o.e.m.j.i.AbstractJavaProjectConfigurator - Adding source folder /VaccinationCentreApplication/src/test/java
2024-01-09 14:29:08,647 [Worker-20: Updating Maven Project] INFO  o.e.m.j.i.AbstractJavaProjectConfigurator - Adding resource folder /VaccinationCentreApplication/src/test/resources
2024-01-09 14:29:10,293 [Worker-20: Updating Maven Project] INFO  o.e.m.c.i.p.ProjectConfigurationManager - Update completed for 1 poms: local refresh takes 0.00 sec, refresh facades takes 6.00 sec, update config takes 0.00 sec 
2024-01-09 14:29:11,382 [Worker-3: Building] INFO  o.a.m.s.f.DefaultMavenResourcesFiltering - Copying 1 resource from src\main\resources to target\classes
2024-01-09 14:29:11,434 [Worker-3: Building] INFO  o.a.m.s.f.DefaultMavenResourcesFiltering - Copying 0 resource from src\main\resources to target\classes
2024-01-09 14:29:11,447 [Worker-3: Building] INFO  o.a.m.s.f.DefaultMavenResourcesFiltering - skip non existing resourceDirectory D:\New folder\Phase3\Vaccination-Main Project\VaccinationCentreApplication\VaccinationCentreApplication\src\test\resources
2024-01-09 14:33:10,026 [Worker-18: Updating Maven Project] INFO  o.e.m.c.i.p.ProjectConfigurationManager - Update started
2024-01-09 14:33:11,227 [Worker-18: Updating Maven Project] INFO  o.e.m.c.i.l.LifecycleMappingFactory - Using org.eclipse.m2e.jdt.JarLifecycleMapping lifecycle mapping for MavenProject: com.example:VaccinationCentreApplication:0.0.1-SNAPSHOT @ D:\New folder\Phase3\Vaccination-Main Project\VaccinationCentreApplication\VaccinationCentreApplication\pom.xml.
2024-01-09 14:33:13,588 [Worker-18: Updating Maven Project] INFO  o.e.m.j.i.AbstractJavaProjectConfigurator - Adding source folder /VaccinationCentreApplication/src/main/java
2024-01-09 14:33:13,588 [Worker-18: Updating Maven Project] INFO  o.e.m.j.i.AbstractJavaProjectConfigurator - Adding resource folder /VaccinationCentreApplication/src/main/resources
2024-01-09 14:33:13,588 [Worker-18: Updating Maven Project] INFO  o.e.m.j.i.AbstractJavaProjectConfigurator - Adding resource folder /VaccinationCentreApplication/src/main/resources
2024-01-09 14:33:13,588 [Worker-18: Updating Maven Project] INFO  o.e.m.j.i.AbstractJavaProjectConfigurator - Adding source folder /VaccinationCentreApplication/src/test/java
2024-01-09 14:33:13,588 [Worker-18: Updating Maven Project] INFO  o.e.m.j.i.AbstractJavaProjectConfigurator - Adding resource folder /VaccinationCentreApplication/src/test/resources
2024-01-09 14:33:15,004 [Worker-18: Updating Maven Project] INFO  o.e.m.c.i.p.ProjectConfigurationManager - Update completed for 1 poms: local refresh takes 0.00 sec, refresh facades takes 3.00 sec, update config takes 1.00 sec 
2024-01-09 14:33:15,727 [Worker-2: Building] INFO  o.a.m.s.f.DefaultMavenResourcesFiltering - Copying 1 resource from src\main\resources to target\classes
2024-01-09 14:33:15,746 [Worker-2: Building] INFO  o.a.m.s.f.DefaultMavenResourcesFiltering - Copying 0 resource from src\main\resources to target\classes
2024-01-09 14:33:15,753 [Worker-2: Building] INFO  o.a.m.s.f.DefaultMavenResourcesFiltering - skip non existing resourceDirectory D:\New folder\Phase3\Vaccination-Main Project\VaccinationCentreApplication\VaccinationCentreApplication\src\test\resources
2024-01-09 14:33:18,110 [Worker-18: Building] INFO  o.e.m.c.i.l.LifecycleMappingFactory - Using org.eclipse.m2e.jdt.JarLifecycleMapping lifecycle mapping for MavenProject: com.example:VaccinationCentreApplication:0.0.1-SNAPSHOT @ D:\New folder\Phase3\Vaccination-Main Project\VaccinationCentreApplication\VaccinationCentreApplication\pom.xml.
2024-01-09 14:33:22,188 [Worker-18: Building] INFO  o.a.m.s.f.DefaultMavenResourcesFiltering - Copying 0 resource from src\main\resources to target\classes
2024-01-09 14:33:22,189 [Worker-18: Building] INFO  o.a.m.s.f.DefaultMavenResourcesFiltering - Copying 0 resource from src\main\resources to target\classes
2024-01-09 14:33:22,194 [Worker-18: Building] INFO  o.a.m.s.f.DefaultMavenResourcesFiltering - skip non existing resourceDirectory D:\New folder\Phase3\Vaccination-Main Project\VaccinationCentreApplication\VaccinationCentreApplication\src\test\resources
2024-01-09 14:33:24,722 [Worker-2: Updating Maven Project] INFO  o.e.m.c.i.p.ProjectConfigurationManager - Update started
2024-01-09 14:33:25,715 [Worker-2: Updating Maven Project] INFO  o.e.m.c.i.l.LifecycleMappingFactory - Using org.eclipse.m2e.jdt.JarLifecycleMapping lifecycle mapping for MavenProject: com.example:VaccinationCentreApplication:0.0.1-SNAPSHOT @ D:\New folder\Phase3\Vaccination-Main Project\VaccinationCentreApplication\VaccinationCentreApplication\pom.xml.
2024-01-09 14:33:28,408 [Worker-2: Updating Maven Project] INFO  o.e.m.j.i.AbstractJavaProjectConfigurator - Adding source folder /VaccinationCentreApplication/src/main/java
2024-01-09 14:33:28,408 [Worker-2: Updating Maven Project] INFO  o.e.m.j.i.AbstractJavaProjectConfigurator - Adding resource folder /VaccinationCentreApplication/src/main/resources
2024-01-09 14:33:28,408 [Worker-2: Updating Maven Project] INFO  o.e.m.j.i.AbstractJavaProjectConfigurator - Adding resource folder /VaccinationCentreApplication/src/main/resources
2024-01-09 14:33:28,408 [Worker-2: Updating Maven Project] INFO  o.e.m.j.i.AbstractJavaProjectConfigurator - Adding source folder /VaccinationCentreApplication/src/test/java
2024-01-09 14:33:28,408 [Worker-2: Updating Maven Project] INFO  o.e.m.j.i.AbstractJavaProjectConfigurator - Adding resource folder /VaccinationCentreApplication/src/test/resources
2024-01-09 14:33:29,825 [Worker-2: Updating Maven Project] INFO  o.e.m.c.i.p.ProjectConfigurationManager - Update completed for 1 poms: local refresh takes 0.00 sec, refresh facades takes 3.00 sec, update config takes 1.00 sec 
2024-01-09 14:33:30,434 [Worker-10: Building] INFO  o.a.m.s.f.DefaultMavenResourcesFiltering - Copying 1 resource from src\main\resources to target\classes
2024-01-09 14:33:30,456 [Worker-10: Building] INFO  o.a.m.s.f.DefaultMavenResourcesFiltering - Copying 0 resource from src\main\resources to target\classes
2024-01-09 14:33:30,461 [Worker-10: Building] INFO  o.a.m.s.f.DefaultMavenResourcesFiltering - skip non existing resourceDirectory D:\New folder\Phase3\Vaccination-Main Project\VaccinationCentreApplication\VaccinationCentreApplication\src\test\resources
2024-01-09 14:37:15,973 [Worker-21: Building] INFO  o.a.m.s.f.DefaultMavenResourcesFiltering - Copying 1 resource from src\main\resources to target\classes
2024-01-09 14:37:15,980 [Worker-21: Building] INFO  o.a.m.s.f.DefaultMavenResourcesFiltering - Copying 0 resource from src\main\resources to target\classes
2024-01-09 14:37:15,983 [Worker-21: Building] INFO  o.a.m.s.f.DefaultMavenResourcesFiltering - skip non existing resourceDirectory D:\New folder\Phase3\Vaccination-Main Project\VaccinationCentreApplication\VaccinationCentreApplication\src\test\resources
2024-01-09 14:42:02,671 [Worker-5: Building] INFO  o.a.m.s.f.DefaultMavenResourcesFiltering - Copying 1 resource from src\main\resources to target\classes
2024-01-09 14:42:02,678 [Worker-5: Building] INFO  o.a.m.s.f.DefaultMavenResourcesFiltering - Copying 0 resource from src\main\resources to target\classes
2024-01-09 14:42:02,683 [Worker-5: Building] INFO  o.a.m.s.f.DefaultMavenResourcesFiltering - skip non existing resourceDirectory D:\New folder\Phase3\Vaccination-Main Project\VaccinationCentreApplication\VaccinationCentreApplication\src\test\resources
2024-01-09 14:42:46,888 [Worker-15: Building] INFO  o.a.m.s.f.DefaultMavenResourcesFiltering - Copying 1 resource from src\main\resources to target\classes
2024-01-09 14:42:46,894 [Worker-15: Building] INFO  o.a.m.s.f.DefaultMavenResourcesFiltering - Copying 0 resource from src\main\resources to target\classes
2024-01-09 14:42:46,896 [Worker-15: Building] INFO  o.a.m.s.f.DefaultMavenResourcesFiltering - skip non existing resourceDirectory D:\New folder\Phase3\Vaccination-Main Project\VaccinationCentreApplication\VaccinationCentreApplication\src\test\resources
2024-01-09 14:43:40,603 [Worker-22: Building] INFO  o.a.m.s.f.DefaultMavenResourcesFiltering - Copying 1 resource from src\main\resources to target\classes
2024-01-09 14:43:40,609 [Worker-22: Building] INFO  o.a.m.s.f.DefaultMavenResourcesFiltering - Copying 0 resource from src\main\resources to target\classes
2024-01-09 14:43:40,612 [Worker-22: Building] INFO  o.a.m.s.f.DefaultMavenResourcesFiltering - skip non existing resourceDirectory D:\New folder\Phase3\Vaccination-Main Project\VaccinationCentreApplication\VaccinationCentreApplication\src\test\resources
2024-01-09 14:44:34,021 [Worker-5: Building] INFO  o.a.m.s.f.DefaultMavenResourcesFiltering - Copying 1 resource from src\main\resources to target\classes
2024-01-09 14:44:34,026 [Worker-5: Building] INFO  o.a.m.s.f.DefaultMavenResourcesFiltering - Copying 0 resource from src\main\resources to target\classes
2024-01-09 14:44:34,031 [Worker-5: Building] INFO  o.a.m.s.f.DefaultMavenResourcesFiltering - skip non existing resourceDirectory D:\New folder\Phase3\Vaccination-Main Project\VaccinationCentreApplication\VaccinationCentreApplication\src\test\resources
2024-01-09 14:46:07,596 [Worker-5: Building] INFO  o.a.m.s.f.DefaultMavenResourcesFiltering - Copying 1 resource from src\main\resources to target\classes
2024-01-09 14:46:07,602 [Worker-5: Building] INFO  o.a.m.s.f.DefaultMavenResourcesFiltering - Copying 0 resource from src\main\resources to target\classes
2024-01-09 14:46:07,604 [Worker-5: Building] INFO  o.a.m.s.f.DefaultMavenResourcesFiltering - skip non existing resourceDirectory D:\New folder\Phase3\Vaccination-Main Project\VaccinationCentreApplication\VaccinationCentreApplication\src\test\resources
2024-01-09 14:46:30,557 [Worker-23: Building] INFO  o.a.m.s.f.DefaultMavenResourcesFiltering - Copying 1 resource from src\main\resources to target\classes
2024-01-09 14:46:30,561 [Worker-23: Building] INFO  o.a.m.s.f.DefaultMavenResourcesFiltering - Copying 0 resource from src\main\resources to target\classes
2024-01-09 14:46:30,564 [Worker-23: Building] INFO  o.a.m.s.f.DefaultMavenResourcesFiltering - skip non existing resourceDirectory D:\New folder\Phase3\Vaccination-Main Project\VaccinationCentreApplication\VaccinationCentreApplication\src\test\resources
2024-01-09 14:48:43,134 [Worker-5: Building] INFO  o.a.m.s.f.DefaultMavenResourcesFiltering - Copying 1 resource from src\main\resources to target\classes
2024-01-09 14:48:43,141 [Worker-5: Building] INFO  o.a.m.s.f.DefaultMavenResourcesFiltering - Copying 0 resource from src\main\resources to target\classes
2024-01-09 14:48:43,147 [Worker-5: Building] INFO  o.a.m.s.f.DefaultMavenResourcesFiltering - skip non existing resourceDirectory D:\New folder\Phase3\Vaccination-Main Project\VaccinationCentreApplication\VaccinationCentreApplication\src\test\resources
2024-01-09 14:51:43,290 [Worker-24: Building] INFO  o.a.m.s.f.DefaultMavenResourcesFiltering - Copying 1 resource from src\main\resources to target\classes
2024-01-09 14:51:43,297 [Worker-24: Building] INFO  o.a.m.s.f.DefaultMavenResourcesFiltering - Copying 0 resource from src\main\resources to target\classes
2024-01-09 14:51:43,302 [Worker-24: Building] INFO  o.a.m.s.f.DefaultMavenResourcesFiltering - skip non existing resourceDirectory D:\New folder\Phase3\Vaccination-Main Project\VaccinationCentreApplication\VaccinationCentreApplication\src\test\resources
2024-01-09 14:51:46,109 [Worker-25: Building] INFO  o.a.m.s.f.DefaultMavenResourcesFiltering - Copying 1 resource from src\main\resources to target\classes
2024-01-09 14:51:46,119 [Worker-25: Building] INFO  o.a.m.s.f.DefaultMavenResourcesFiltering - Copying 0 resource from src\main\resources to target\classes
2024-01-09 14:51:46,123 [Worker-25: Building] INFO  o.a.m.s.f.DefaultMavenResourcesFiltering - skip non existing resourceDirectory D:\New folder\Phase3\Vaccination-Main Project\VaccinationCentreApplication\VaccinationCentreApplication\src\test\resources
2024-01-09 14:52:21,651 [Worker-24: Building] INFO  o.a.m.s.f.DefaultMavenResourcesFiltering - Copying 1 resource from src\main\resources to target\classes
2024-01-09 14:52:21,658 [Worker-24: Building] INFO  o.a.m.s.f.DefaultMavenResourcesFiltering - Copying 0 resource from src\main\resources to target\classes
2024-01-09 14:52:21,662 [Worker-24: Building] INFO  o.a.m.s.f.DefaultMavenResourcesFiltering - skip non existing resourceDirectory D:\New folder\Phase3\Vaccination-Main Project\VaccinationCentreApplication\VaccinationCentreApplication\src\test\resources
2024-01-09 14:53:27,375 [Worker-5: Building] INFO  o.a.m.s.f.DefaultMavenResourcesFiltering - Copying 1 resource from src\main\resources to target\classes
2024-01-09 14:53:27,381 [Worker-5: Building] INFO  o.a.m.s.f.DefaultMavenResourcesFiltering - Copying 0 resource from src\main\resources to target\classes
2024-01-09 14:53:27,388 [Worker-5: Building] INFO  o.a.m.s.f.DefaultMavenResourcesFiltering - skip non existing resourceDirectory D:\New folder\Phase3\Vaccination-Main Project\VaccinationCentreApplication\VaccinationCentreApplication\src\test\resources
2024-01-09 14:54:09,486 [Worker-5: Building] INFO  o.a.m.s.f.DefaultMavenResourcesFiltering - Copying 1 resource from src\main\resources to target\classes
2024-01-09 14:54:09,493 [Worker-5: Building] INFO  o.a.m.s.f.DefaultMavenResourcesFiltering - Copying 0 resource from src\main\resources to target\classes
2024-01-09 14:54:09,498 [Worker-5: Building] INFO  o.a.m.s.f.DefaultMavenResourcesFiltering - skip non existing resourceDirectory D:\New folder\Phase3\Vaccination-Main Project\VaccinationCentreApplication\VaccinationCentreApplication\src\test\resources
2024-01-09 14:55:22,277 [Worker-24: Building] INFO  o.a.m.s.f.DefaultMavenResourcesFiltering - Copying 1 resource from src\main\resources to target\classes
2024-01-09 14:55:22,281 [Worker-24: Building] INFO  o.a.m.s.f.DefaultMavenResourcesFiltering - Copying 0 resource from src\main\resources to target\classes
2024-01-09 14:55:22,287 [Worker-24: Building] INFO  o.a.m.s.f.DefaultMavenResourcesFiltering - skip non existing resourceDirectory D:\New folder\Phase3\Vaccination-Main Project\VaccinationCentreApplication\VaccinationCentreApplication\src\test\resources
2024-01-09 14:55:44,004 [Worker-25: Building] INFO  o.a.m.s.f.DefaultMavenResourcesFiltering - Copying 1 resource from src\main\resources to target\classes
2024-01-09 14:55:44,009 [Worker-25: Building] INFO  o.a.m.s.f.DefaultMavenResourcesFiltering - Copying 0 resource from src\main\resources to target\classes
2024-01-09 14:55:44,013 [Worker-25: Building] INFO  o.a.m.s.f.DefaultMavenResourcesFiltering - skip non existing resourceDirectory D:\New folder\Phase3\Vaccination-Main Project\VaccinationCentreApplication\VaccinationCentreApplication\src\test\resources
2024-01-09 14:56:37,485 [Worker-25: Building] INFO  o.a.m.s.f.DefaultMavenResourcesFiltering - Copying 1 resource from src\main\resources to target\classes
2024-01-09 14:56:37,494 [Worker-25: Building] INFO  o.a.m.s.f.DefaultMavenResourcesFiltering - Copying 0 resource from src\main\resources to target\classes
2024-01-09 14:56:37,500 [Worker-25: Building] INFO  o.a.m.s.f.DefaultMavenResourcesFiltering - skip non existing resourceDirectory D:\New folder\Phase3\Vaccination-Main Project\VaccinationCentreApplication\VaccinationCentreApplication\src\test\resources
2024-01-09 14:57:24,549 [Worker-23: Building] INFO  o.a.m.s.f.DefaultMavenResourcesFiltering - Copying 1 resource from src\main\resources to target\classes
2024-01-09 14:57:24,557 [Worker-23: Building] INFO  o.a.m.s.f.DefaultMavenResourcesFiltering - Copying 0 resource from src\main\resources to target\classes
2024-01-09 14:57:24,562 [Worker-23: Building] INFO  o.a.m.s.f.DefaultMavenResourcesFiltering - skip non existing resourceDirectory D:\New folder\Phase3\Vaccination-Main Project\VaccinationCentreApplication\VaccinationCentreApplication\src\test\resources
2024-01-09 14:58:01,741 [Worker-24: Building] INFO  o.a.m.s.f.DefaultMavenResourcesFiltering - Copying 1 resource from src\main\resources to target\classes
2024-01-09 14:58:01,746 [Worker-24: Building] INFO  o.a.m.s.f.DefaultMavenResourcesFiltering - Copying 0 resource from src\main\resources to target\classes
2024-01-09 14:58:01,750 [Worker-24: Building] INFO  o.a.m.s.f.DefaultMavenResourcesFiltering - skip non existing resourceDirectory D:\New folder\Phase3\Vaccination-Main Project\VaccinationCentreApplication\VaccinationCentreApplication\src\test\resources
2024-01-09 14:58:23,377 [Worker-24: Building] INFO  o.a.m.s.f.DefaultMavenResourcesFiltering - Copying 1 resource from src\main\resources to target\classes
2024-01-09 14:58:23,382 [Worker-24: Building] INFO  o.a.m.s.f.DefaultMavenResourcesFiltering - Copying 0 resource from src\main\resources to target\classes
2024-01-09 14:58:23,385 [Worker-24: Building] INFO  o.a.m.s.f.DefaultMavenResourcesFiltering - skip non existing resourceDirectory D:\New folder\Phase3\Vaccination-Main Project\VaccinationCentreApplication\VaccinationCentreApplication\src\test\resources
2024-01-09 14:58:46,818 [Worker-18: Building] INFO  o.a.m.s.f.DefaultMavenResourcesFiltering - Copying 1 resource from src\main\resources to target\classes
2024-01-09 14:58:46,824 [Worker-18: Building] INFO  o.a.m.s.f.DefaultMavenResourcesFiltering - Copying 0 resource from src\main\resources to target\classes
2024-01-09 14:58:46,827 [Worker-18: Building] INFO  o.a.m.s.f.DefaultMavenResourcesFiltering - skip non existing resourceDirectory D:\New folder\Phase3\Vaccination-Main Project\VaccinationCentreApplication\VaccinationCentreApplication\src\test\resources
2024-01-09 14:58:58,076 [Worker-23: Building] INFO  o.a.m.s.f.DefaultMavenResourcesFiltering - Copying 1 resource from src\main\resources to target\classes
2024-01-09 14:58:58,082 [Worker-23: Building] INFO  o.a.m.s.f.DefaultMavenResourcesFiltering - Copying 0 resource from src\main\resources to target\classes
2024-01-09 14:58:58,085 [Worker-23: Building] INFO  o.a.m.s.f.DefaultMavenResourcesFiltering - skip non existing resourceDirectory D:\New folder\Phase3\Vaccination-Main Project\VaccinationCentreApplication\VaccinationCentreApplication\src\test\resources
2024-01-09 14:59:05,529 [Worker-24: Building] INFO  o.a.m.s.f.DefaultMavenResourcesFiltering - Copying 1 resource from src\main\resources to target\classes
2024-01-09 14:59:05,534 [Worker-24: Building] INFO  o.a.m.s.f.DefaultMavenResourcesFiltering - Copying 0 resource from src\main\resources to target\classes
2024-01-09 14:59:05,537 [Worker-24: Building] INFO  o.a.m.s.f.DefaultMavenResourcesFiltering - skip non existing resourceDirectory D:\New folder\Phase3\Vaccination-Main Project\VaccinationCentreApplication\VaccinationCentreApplication\src\test\resources
2024-01-09 15:00:04,406 [Worker-23: Building] INFO  o.a.m.s.f.DefaultMavenResourcesFiltering - Copying 1 resource from src\main\resources to target\classes
2024-01-09 15:00:04,411 [Worker-23: Building] INFO  o.a.m.s.f.DefaultMavenResourcesFiltering - Copying 0 resource from src\main\resources to target\classes
2024-01-09 15:00:04,421 [Worker-23: Building] INFO  o.a.m.s.f.DefaultMavenResourcesFiltering - skip non existing resourceDirectory D:\New folder\Phase3\Vaccination-Main Project\VaccinationCentreApplication\VaccinationCentreApplication\src\test\resources
2024-01-09 15:00:34,196 [Worker-5: Building] INFO  o.a.m.s.f.DefaultMavenResourcesFiltering - Copying 1 resource from src\main\resources to target\classes
2024-01-09 15:00:34,201 [Worker-5: Building] INFO  o.a.m.s.f.DefaultMavenResourcesFiltering - Copying 0 resource from src\main\resources to target\classes
2024-01-09 15:00:34,205 [Worker-5: Building] INFO  o.a.m.s.f.DefaultMavenResourcesFiltering - skip non existing resourceDirectory D:\New folder\Phase3\Vaccination-Main Project\VaccinationCentreApplication\VaccinationCentreApplication\src\test\resources
2024-01-09 15:00:45,997 [Worker-23: Building] INFO  o.a.m.s.f.DefaultMavenResourcesFiltering - Copying 1 resource from src\main\resources to target\classes
2024-01-09 15:00:46,002 [Worker-23: Building] INFO  o.a.m.s.f.DefaultMavenResourcesFiltering - Copying 0 resource from src\main\resources to target\classes
2024-01-09 15:00:46,005 [Worker-23: Building] INFO  o.a.m.s.f.DefaultMavenResourcesFiltering - skip non existing resourceDirectory D:\New folder\Phase3\Vaccination-Main Project\VaccinationCentreApplication\VaccinationCentreApplication\src\test\resources
2024-01-09 15:01:39,817 [Worker-5: Building] INFO  o.a.m.s.f.DefaultMavenResourcesFiltering - Copying 1 resource from src\main\resources to target\classes
2024-01-09 15:01:39,824 [Worker-5: Building] INFO  o.a.m.s.f.DefaultMavenResourcesFiltering - Copying 0 resource from src\main\resources to target\classes
2024-01-09 15:01:39,827 [Worker-5: Building] INFO  o.a.m.s.f.DefaultMavenResourcesFiltering - skip non existing resourceDirectory D:\New folder\Phase3\Vaccination-Main Project\VaccinationCentreApplication\VaccinationCentreApplication\src\test\resources
2024-01-09 15:02:07,144 [Worker-23: Building] INFO  o.a.m.s.f.DefaultMavenResourcesFiltering - Copying 1 resource from src\main\resources to target\classes
2024-01-09 15:02:07,151 [Worker-23: Building] INFO  o.a.m.s.f.DefaultMavenResourcesFiltering - Copying 0 resource from src\main\resources to target\classes
2024-01-09 15:02:07,155 [Worker-23: Building] INFO  o.a.m.s.f.DefaultMavenResourcesFiltering - skip non existing resourceDirectory D:\New folder\Phase3\Vaccination-Main Project\VaccinationCentreApplication\VaccinationCentreApplication\src\test\resources
2024-01-09 15:02:15,227 [Worker-18: Building] INFO  o.a.m.s.f.DefaultMavenResourcesFiltering - Copying 1 resource from src\main\resources to target\classes
2024-01-09 15:02:15,235 [Worker-18: Building] INFO  o.a.m.s.f.DefaultMavenResourcesFiltering - Copying 0 resource from src\main\resources to target\classes
2024-01-09 15:02:15,239 [Worker-18: Building] INFO  o.a.m.s.f.DefaultMavenResourcesFiltering - skip non existing resourceDirectory D:\New folder\Phase3\Vaccination-Main Project\VaccinationCentreApplication\VaccinationCentreApplication\src\test\resources
2024-01-09 15:02:41,366 [Worker-5: Building] INFO  o.a.m.s.f.DefaultMavenResourcesFiltering - Copying 1 resource from src\main\resources to target\classes
2024-01-09 15:02:41,371 [Worker-5: Building] INFO  o.a.m.s.f.DefaultMavenResourcesFiltering - Copying 0 resource from src\main\resources to target\classes
2024-01-09 15:02:41,376 [Worker-5: Building] INFO  o.a.m.s.f.DefaultMavenResourcesFiltering - skip non existing resourceDirectory D:\New folder\Phase3\Vaccination-Main Project\VaccinationCentreApplication\VaccinationCentreApplication\src\test\resources
2024-01-09 15:02:57,382 [Worker-24: Building] INFO  o.a.m.s.f.DefaultMavenResourcesFiltering - Copying 1 resource from src\main\resources to target\classes
2024-01-09 15:02:57,387 [Worker-24: Building] INFO  o.a.m.s.f.DefaultMavenResourcesFiltering - Copying 0 resource from src\main\resources to target\classes
2024-01-09 15:02:57,390 [Worker-24: Building] INFO  o.a.m.s.f.DefaultMavenResourcesFiltering - skip non existing resourceDirectory D:\New folder\Phase3\Vaccination-Main Project\VaccinationCentreApplication\VaccinationCentreApplication\src\test\resources
2024-01-09 15:03:10,686 [Start Help Server] INFO  org.eclipse.jetty.server.Server - jetty-12.0.3; built: 2023-10-27T03:25:22.284Z; git: a873259fd5af141dedaa6c7fa8fe8fbdedce0d61; jvm 18.0.1.1+2-6
2024-01-09 15:03:10,827 [Start Help Server] INFO  o.e.j.server.handler.ContextHandler - Started oeje8n.ContextHandler$CoreContextHandler@9d323a3{/help,/help,b=null,a=AVAILABLE,h=oeje8n.ContextHandler$CoreContextHandler$CoreToNestedHandler@69e5421f{STARTED}}
2024-01-09 15:03:10,828 [Start Help Server] INFO  o.e.j.s.DefaultSessionIdManager - Session workerName=node0
2024-01-09 15:03:10,909 [Start Help Server] INFO  o.e.jetty.server.AbstractConnector - Started ServerConnector@2bb0afe1{HTTP/1.1, (http/1.1)}{127.0.0.1:56326}
2024-01-09 15:03:10,921 [Start Help Server] INFO  org.eclipse.jetty.server.Server - Started oejs.Server@55c5a27e{STARTING}[12.0.3,sto=0] @2104813ms
2024-01-09 15:03:17,812 [Worker-18: Building] INFO  o.a.m.s.f.DefaultMavenResourcesFiltering - Copying 1 resource from src\main\resources to target\classes
2024-01-09 15:03:17,817 [Worker-18: Building] INFO  o.a.m.s.f.DefaultMavenResourcesFiltering - Copying 0 resource from src\main\resources to target\classes
2024-01-09 15:03:17,821 [Worker-18: Building] INFO  o.a.m.s.f.DefaultMavenResourcesFiltering - skip non existing resourceDirectory D:\New folder\Phase3\Vaccination-Main Project\VaccinationCentreApplication\VaccinationCentreApplication\src\test\resources
2024-01-09 15:03:47,206 [Worker-26: Building] INFO  o.a.m.s.f.DefaultMavenResourcesFiltering - Copying 1 resource from src\main\resources to target\classes
2024-01-09 15:03:47,211 [Worker-26: Building] INFO  o.a.m.s.f.DefaultMavenResourcesFiltering - Copying 0 resource from src\main\resources to target\classes
2024-01-09 15:03:47,216 [Worker-26: Building] INFO  o.a.m.s.f.DefaultMavenResourcesFiltering - skip non existing resourceDirectory D:\New folder\Phase3\Vaccination-Main Project\VaccinationCentreApplication\VaccinationCentreApplication\src\test\resources
2024-01-09 15:03:53,815 [Worker-25: Building] INFO  o.a.m.s.f.DefaultMavenResourcesFiltering - Copying 1 resource from src\main\resources to target\classes
2024-01-09 15:03:53,819 [Worker-25: Building] INFO  o.a.m.s.f.DefaultMavenResourcesFiltering - Copying 0 resource from src\main\resources to target\classes
2024-01-09 15:03:53,824 [Worker-25: Building] INFO  o.a.m.s.f.DefaultMavenResourcesFiltering - skip non existing resourceDirectory D:\New folder\Phase3\Vaccination-Main Project\VaccinationCentreApplication\VaccinationCentreApplication\src\test\resources
2024-01-09 15:04:12,835 [Worker-5: Building] INFO  o.a.m.s.f.DefaultMavenResourcesFiltering - Copying 1 resource from src\main\resources to target\classes
2024-01-09 15:04:12,839 [Worker-5: Building] INFO  o.a.m.s.f.DefaultMavenResourcesFiltering - Copying 0 resource from src\main\resources to target\classes
2024-01-09 15:04:12,843 [Worker-5: Building] INFO  o.a.m.s.f.DefaultMavenResourcesFiltering - skip non existing resourceDirectory D:\New folder\Phase3\Vaccination-Main Project\VaccinationCentreApplication\VaccinationCentreApplication\src\test\resources
2024-01-09 15:04:52,318 [Worker-18: Building] INFO  o.a.m.s.f.DefaultMavenResourcesFiltering - Copying 1 resource from src\main\resources to target\classes
2024-01-09 15:04:52,326 [Worker-18: Building] INFO  o.a.m.s.f.DefaultMavenResourcesFiltering - Copying 0 resource from src\main\resources to target\classes
2024-01-09 15:04:52,331 [Worker-18: Building] INFO  o.a.m.s.f.DefaultMavenResourcesFiltering - skip non existing resourceDirectory D:\New folder\Phase3\Vaccination-Main Project\VaccinationCentreApplication\VaccinationCentreApplication\src\test\resources
2024-01-09 15:05:10,134 [Worker-27: Building] INFO  o.a.m.s.f.DefaultMavenResourcesFiltering - Copying 1 resource from src\main\resources to target\classes
2024-01-09 15:05:10,139 [Worker-27: Building] INFO  o.a.m.s.f.DefaultMavenResourcesFiltering - Copying 0 resource from src\main\resources to target\classes
2024-01-09 15:05:10,142 [Worker-27: Building] INFO  o.a.m.s.f.DefaultMavenResourcesFiltering - skip non existing resourceDirectory D:\New folder\Phase3\Vaccination-Main Project\VaccinationCentreApplication\VaccinationCentreApplication\src\test\resources
2024-01-09 15:07:55,486 [Worker-5: Building] INFO  o.a.m.s.f.DefaultMavenResourcesFiltering - Copying 0 resource from src\main\resources to target\classes
2024-01-09 15:07:55,487 [Worker-5: Building] INFO  o.a.m.s.f.DefaultMavenResourcesFiltering - Copying 0 resource from src\main\resources to target\classes
2024-01-09 15:07:55,490 [Worker-5: Building] INFO  o.a.m.s.f.DefaultMavenResourcesFiltering - skip non existing resourceDirectory D:\New folder\Phase3\Vaccination-Main Project\VaccinationCentreApplication\VaccinationCentreApplication\src\test\resources
2024-01-09 15:08:11,267 [Worker-5: Building] INFO  o.a.m.s.f.DefaultMavenResourcesFiltering - Copying 0 resource from src\main\resources to target\classes
2024-01-09 15:08:11,268 [Worker-5: Building] INFO  o.a.m.s.f.DefaultMavenResourcesFiltering - Copying 0 resource from src\main\resources to target\classes
2024-01-09 15:08:11,272 [Worker-5: Building] INFO  o.a.m.s.f.DefaultMavenResourcesFiltering - skip non existing resourceDirectory D:\New folder\Phase3\Vaccination-Main Project\VaccinationCentreApplication\VaccinationCentreApplication\src\test\resources
2024-01-09 15:08:30,322 [Worker-5: Building] INFO  o.a.m.s.f.DefaultMavenResourcesFiltering - Copying 0 resource from src\main\resources to target\classes
2024-01-09 15:08:30,322 [Worker-5: Building] INFO  o.a.m.s.f.DefaultMavenResourcesFiltering - Copying 0 resource from src\main\resources to target\classes
2024-01-09 15:08:30,325 [Worker-5: Building] INFO  o.a.m.s.f.DefaultMavenResourcesFiltering - skip non existing resourceDirectory D:\New folder\Phase3\Vaccination-Main Project\VaccinationCentreApplication\VaccinationCentreApplication\src\test\resources
2024-01-09 15:08:50,204 [Worker-26: Building] INFO  o.a.m.s.f.DefaultMavenResourcesFiltering - Copying 0 resource from src\main\resources to target\classes
2024-01-09 15:08:50,204 [Worker-26: Building] INFO  o.a.m.s.f.DefaultMavenResourcesFiltering - Copying 0 resource from src\main\resources to target\classes
2024-01-09 15:08:50,207 [Worker-26: Building] INFO  o.a.m.s.f.DefaultMavenResourcesFiltering - skip non existing resourceDirectory D:\New folder\Phase3\Vaccination-Main Project\VaccinationCentreApplication\VaccinationCentreApplication\src\test\resources
2024-01-09 15:09:11,454 [Worker-18: Building] INFO  o.a.m.s.f.DefaultMavenResourcesFiltering - Copying 0 resource from src\main\resources to target\classes
2024-01-09 15:09:11,455 [Worker-18: Building] INFO  o.a.m.s.f.DefaultMavenResourcesFiltering - Copying 0 resource from src\main\resources to target\classes
2024-01-09 15:09:11,458 [Worker-18: Building] INFO  o.a.m.s.f.DefaultMavenResourcesFiltering - skip non existing resourceDirectory D:\New folder\Phase3\Vaccination-Main Project\VaccinationCentreApplication\VaccinationCentreApplication\src\test\resources
2024-01-09 15:09:25,363 [Worker-5: Building] INFO  o.a.m.s.f.DefaultMavenResourcesFiltering - Copying 0 resource from src\main\resources to target\classes
2024-01-09 15:09:25,365 [Worker-5: Building] INFO  o.a.m.s.f.DefaultMavenResourcesFiltering - Copying 0 resource from src\main\resources to target\classes
2024-01-09 15:09:25,368 [Worker-5: Building] INFO  o.a.m.s.f.DefaultMavenResourcesFiltering - skip non existing resourceDirectory D:\New folder\Phase3\Vaccination-Main Project\VaccinationCentreApplication\VaccinationCentreApplication\src\test\resources
2024-01-09 15:09:53,279 [Worker-5: Building] INFO  o.a.m.s.f.DefaultMavenResourcesFiltering - Copying 0 resource from src\main\resources to target\classes
2024-01-09 15:09:53,279 [Worker-5: Building] INFO  o.a.m.s.f.DefaultMavenResourcesFiltering - Copying 0 resource from src\main\resources to target\classes
2024-01-09 15:09:53,282 [Worker-5: Building] INFO  o.a.m.s.f.DefaultMavenResourcesFiltering - skip non existing resourceDirectory D:\New folder\Phase3\Vaccination-Main Project\VaccinationCentreApplication\VaccinationCentreApplication\src\test\resources
2024-01-09 15:11:57,772 [Worker-23: Building] INFO  o.a.m.s.f.DefaultMavenResourcesFiltering - Copying 0 resource from src\main\resources to target\classes
2024-01-09 15:11:57,773 [Worker-23: Building] INFO  o.a.m.s.f.DefaultMavenResourcesFiltering - Copying 0 resource from src\main\resources to target\classes
2024-01-09 15:11:57,775 [Worker-23: Building] INFO  o.a.m.s.f.DefaultMavenResourcesFiltering - skip non existing resourceDirectory D:\New folder\Phase3\Vaccination-Main Project\VaccinationCentreApplication\VaccinationCentreApplication\src\test\resources
2024-01-09 15:13:05,399 [Worker-23: Building] INFO  o.a.m.s.f.DefaultMavenResourcesFiltering - Copying 0 resource from src\main\resources to target\classes
2024-01-09 15:13:05,399 [Worker-23: Building] INFO  o.a.m.s.f.DefaultMavenResourcesFiltering - Copying 0 resource from src\main\resources to target\classes
2024-01-09 15:13:05,402 [Worker-23: Building] INFO  o.a.m.s.f.DefaultMavenResourcesFiltering - skip non existing resourceDirectory D:\New folder\Phase3\Vaccination-Main Project\VaccinationCentreApplication\VaccinationCentreApplication\src\test\resources
2024-01-09 15:14:01,531 [Worker-25: Building] INFO  o.a.m.s.f.DefaultMavenResourcesFiltering - Copying 0 resource from src\main\resources to target\classes
2024-01-09 15:14:01,532 [Worker-25: Building] INFO  o.a.m.s.f.DefaultMavenResourcesFiltering - Copying 0 resource from src\main\resources to target\classes
2024-01-09 15:14:01,534 [Worker-25: Building] INFO  o.a.m.s.f.DefaultMavenResourcesFiltering - skip non existing resourceDirectory D:\New folder\Phase3\Vaccination-Main Project\VaccinationCentreApplication\VaccinationCentreApplication\src\test\resources
2024-01-09 15:14:25,319 [Worker-25: Building] INFO  o.a.m.s.f.DefaultMavenResourcesFiltering - Copying 0 resource from src\main\resources to target\classes
2024-01-09 15:14:25,321 [Worker-25: Building] INFO  o.a.m.s.f.DefaultMavenResourcesFiltering - Copying 0 resource from src\main\resources to target\classes
2024-01-09 15:14:25,322 [Worker-25: Building] INFO  o.a.m.s.f.DefaultMavenResourcesFiltering - skip non existing resourceDirectory D:\New folder\Phase3\Vaccination-Main Project\VaccinationCentreApplication\VaccinationCentreApplication\src\test\resources
2024-01-09 15:15:22,963 [Worker-24: Building] INFO  o.a.m.s.f.DefaultMavenResourcesFiltering - Copying 0 resource from src\main\resources to target\classes
2024-01-09 15:15:22,966 [Worker-24: Building] INFO  o.a.m.s.f.DefaultMavenResourcesFiltering - Copying 0 resource from src\main\resources to target\classes
2024-01-09 15:15:22,970 [Worker-24: Building] INFO  o.a.m.s.f.DefaultMavenResourcesFiltering - skip non existing resourceDirectory D:\New folder\Phase3\Vaccination-Main Project\VaccinationCentreApplication\VaccinationCentreApplication\src\test\resources
2024-01-09 15:17:08,248 [Worker-23: Building] INFO  o.a.m.s.f.DefaultMavenResourcesFiltering - Copying 0 resource from src\main\resources to target\classes
2024-01-09 15:17:08,249 [Worker-23: Building] INFO  o.a.m.s.f.DefaultMavenResourcesFiltering - Copying 0 resource from src\main\resources to target\classes
2024-01-09 15:17:08,253 [Worker-23: Building] INFO  o.a.m.s.f.DefaultMavenResourcesFiltering - skip non existing resourceDirectory D:\New folder\Phase3\Vaccination-Main Project\VaccinationCentreApplication\VaccinationCentreApplication\src\test\resources
2024-01-09 15:17:46,392 [Worker-28: Building] INFO  o.a.m.s.f.DefaultMavenResourcesFiltering - Copying 0 resource from src\main\resources to target\classes
2024-01-09 15:17:46,393 [Worker-28: Building] INFO  o.a.m.s.f.DefaultMavenResourcesFiltering - Copying 0 resource from src\main\resources to target\classes
2024-01-09 15:17:46,398 [Worker-28: Building] INFO  o.a.m.s.f.DefaultMavenResourcesFiltering - skip non existing resourceDirectory D:\New folder\Phase3\Vaccination-Main Project\VaccinationCentreApplication\VaccinationCentreApplication\src\test\resources
2024-01-09 15:18:00,087 [Worker-28: Building] INFO  o.a.m.s.f.DefaultMavenResourcesFiltering - Copying 0 resource from src\main\resources to target\classes
2024-01-09 15:18:00,088 [Worker-28: Building] INFO  o.a.m.s.f.DefaultMavenResourcesFiltering - Copying 0 resource from src\main\resources to target\classes
2024-01-09 15:18:00,092 [Worker-28: Building] INFO  o.a.m.s.f.DefaultMavenResourcesFiltering - skip non existing resourceDirectory D:\New folder\Phase3\Vaccination-Main Project\VaccinationCentreApplication\VaccinationCentreApplication\src\test\resources
2024-01-09 15:18:26,011 [Worker-28: Building] INFO  o.a.m.s.f.DefaultMavenResourcesFiltering - Copying 0 resource from src\main\resources to target\classes
2024-01-09 15:18:26,011 [Worker-28: Building] INFO  o.a.m.s.f.DefaultMavenResourcesFiltering - Copying 0 resource from src\main\resources to target\classes
2024-01-09 15:18:26,026 [Worker-28: Building] INFO  o.a.m.s.f.DefaultMavenResourcesFiltering - skip non existing resourceDirectory D:\New folder\Phase3\Vaccination-Main Project\VaccinationCentreApplication\VaccinationCentreApplication\src\test\resources
2024-01-09 15:19:13,078 [Worker-28: Building] INFO  o.a.m.s.f.DefaultMavenResourcesFiltering - Copying 0 resource from src\main\resources to target\classes
2024-01-09 15:19:13,079 [Worker-28: Building] INFO  o.a.m.s.f.DefaultMavenResourcesFiltering - Copying 0 resource from src\main\resources to target\classes
2024-01-09 15:19:13,082 [Worker-28: Building] INFO  o.a.m.s.f.DefaultMavenResourcesFiltering - skip non existing resourceDirectory D:\New folder\Phase3\Vaccination-Main Project\VaccinationCentreApplication\VaccinationCentreApplication\src\test\resources
2024-01-09 15:19:41,809 [Worker-25: Building] INFO  o.a.m.s.f.DefaultMavenResourcesFiltering - Copying 0 resource from src\main\resources to target\classes
2024-01-09 15:19:41,809 [Worker-25: Building] INFO  o.a.m.s.f.DefaultMavenResourcesFiltering - Copying 0 resource from src\main\resources to target\classes
2024-01-09 15:19:41,812 [Worker-25: Building] INFO  o.a.m.s.f.DefaultMavenResourcesFiltering - skip non existing resourceDirectory D:\New folder\Phase3\Vaccination-Main Project\VaccinationCentreApplication\VaccinationCentreApplication\src\test\resources
2024-01-09 15:20:26,449 [Worker-24: Building] INFO  o.a.m.s.f.DefaultMavenResourcesFiltering - Copying 0 resource from src\main\resources to target\classes
2024-01-09 15:20:26,450 [Worker-24: Building] INFO  o.a.m.s.f.DefaultMavenResourcesFiltering - Copying 0 resource from src\main\resources to target\classes
2024-01-09 15:20:26,453 [Worker-24: Building] INFO  o.a.m.s.f.DefaultMavenResourcesFiltering - skip non existing resourceDirectory D:\New folder\Phase3\Vaccination-Main Project\VaccinationCentreApplication\VaccinationCentreApplication\src\test\resources
2024-01-09 15:29:33,693 [Worker-24: Building] INFO  o.a.m.s.f.DefaultMavenResourcesFiltering - Copying 0 resource from src\main\resources to target\classes
2024-01-09 15:29:33,693 [Worker-24: Building] INFO  o.a.m.s.f.DefaultMavenResourcesFiltering - Copying 0 resource from src\main\resources to target\classes
2024-01-09 15:29:33,697 [Worker-24: Building] INFO  o.a.m.s.f.DefaultMavenResourcesFiltering - skip non existing resourceDirectory D:\New folder\Phase3\Vaccination-Main Project\VaccinationCentreApplication\VaccinationCentreApplication\src\test\resources
2024-01-09 15:29:36,857 [Worker-5: Building] INFO  o.a.m.s.f.DefaultMavenResourcesFiltering - Copying 0 resource from src\main\resources to target\classes
2024-01-09 15:29:36,857 [Worker-5: Building] INFO  o.a.m.s.f.DefaultMavenResourcesFiltering - Copying 0 resource from src\main\resources to target\classes
2024-01-09 15:29:36,859 [Worker-5: Building] INFO  o.a.m.s.f.DefaultMavenResourcesFiltering - skip non existing resourceDirectory D:\New folder\Phase3\Vaccination-Main Project\VaccinationCentreApplication\VaccinationCentreApplication\src\test\resources
2024-01-09 15:30:16,178 [Worker-5: Building] INFO  o.a.m.s.f.DefaultMavenResourcesFiltering - Copying 0 resource from src\main\resources to target\classes
2024-01-09 15:30:16,178 [Worker-5: Building] INFO  o.a.m.s.f.DefaultMavenResourcesFiltering - Copying 0 resource from src\main\resources to target\classes
2024-01-09 15:30:16,180 [Worker-5: Building] INFO  o.a.m.s.f.DefaultMavenResourcesFiltering - skip non existing resourceDirectory D:\New folder\Phase3\Vaccination-Main Project\VaccinationCentreApplication\VaccinationCentreApplication\src\test\resources
2024-01-09 15:30:54,358 [Worker-24: Building] INFO  o.a.m.s.f.DefaultMavenResourcesFiltering - Copying 0 resource from src\main\resources to target\classes
2024-01-09 15:30:54,359 [Worker-24: Building] INFO  o.a.m.s.f.DefaultMavenResourcesFiltering - Copying 0 resource from src\main\resources to target\classes
2024-01-09 15:30:54,360 [Worker-24: Building] INFO  o.a.m.s.f.DefaultMavenResourcesFiltering - skip non existing resourceDirectory D:\New folder\Phase3\Vaccination-Main Project\VaccinationCentreApplication\VaccinationCentreApplication\src\test\resources
2024-01-09 15:31:16,337 [Worker-23: Building] INFO  o.a.m.s.f.DefaultMavenResourcesFiltering - Copying 0 resource from src\main\resources to target\classes
2024-01-09 15:31:16,337 [Worker-23: Building] INFO  o.a.m.s.f.DefaultMavenResourcesFiltering - Copying 0 resource from src\main\resources to target\classes
2024-01-09 15:31:16,339 [Worker-23: Building] INFO  o.a.m.s.f.DefaultMavenResourcesFiltering - skip non existing resourceDirectory D:\New folder\Phase3\Vaccination-Main Project\VaccinationCentreApplication\VaccinationCentreApplication\src\test\resources
2024-01-09 15:31:32,146 [Worker-23: Building] INFO  o.a.m.s.f.DefaultMavenResourcesFiltering - Copying 0 resource from src\main\resources to target\classes
2024-01-09 15:31:32,147 [Worker-23: Building] INFO  o.a.m.s.f.DefaultMavenResourcesFiltering - Copying 0 resource from src\main\resources to target\classes
2024-01-09 15:31:32,149 [Worker-23: Building] INFO  o.a.m.s.f.DefaultMavenResourcesFiltering - skip non existing resourceDirectory D:\New folder\Phase3\Vaccination-Main Project\VaccinationCentreApplication\VaccinationCentreApplication\src\test\resources
2024-01-09 15:33:53,224 [Worker-29: Building] INFO  o.a.m.s.f.DefaultMavenResourcesFiltering - Copying 0 resource from src\main\resources to target\classes
2024-01-09 15:33:53,224 [Worker-29: Building] INFO  o.a.m.s.f.DefaultMavenResourcesFiltering - Copying 0 resource from src\main\resources to target\classes
2024-01-09 15:33:53,227 [Worker-29: Building] INFO  o.a.m.s.f.DefaultMavenResourcesFiltering - skip non existing resourceDirectory D:\New folder\Phase3\Vaccination-Main Project\VaccinationCentreApplication\VaccinationCentreApplication\src\test\resources
2024-01-09 15:34:11,591 [Worker-24: Building] INFO  o.a.m.s.f.DefaultMavenResourcesFiltering - Copying 0 resource from src\main\resources to target\classes
2024-01-09 15:34:11,592 [Worker-24: Building] INFO  o.a.m.s.f.DefaultMavenResourcesFiltering - Copying 0 resource from src\main\resources to target\classes
2024-01-09 15:34:11,600 [Worker-24: Building] INFO  o.a.m.s.f.DefaultMavenResourcesFiltering - skip non existing resourceDirectory D:\New folder\Phase3\Vaccination-Main Project\VaccinationCentreApplication\VaccinationCentreApplication\src\test\resources
2024-01-09 15:34:27,840 [Worker-23: Building] INFO  o.a.m.s.f.DefaultMavenResourcesFiltering - Copying 0 resource from src\main\resources to target\classes
2024-01-09 15:34:27,842 [Worker-23: Building] INFO  o.a.m.s.f.DefaultMavenResourcesFiltering - Copying 0 resource from src\main\resources to target\classes
2024-01-09 15:34:27,845 [Worker-23: Building] INFO  o.a.m.s.f.DefaultMavenResourcesFiltering - skip non existing resourceDirectory D:\New folder\Phase3\Vaccination-Main Project\VaccinationCentreApplication\VaccinationCentreApplication\src\test\resources
2024-01-09 15:34:52,490 [Worker-30: Building] INFO  o.a.m.s.f.DefaultMavenResourcesFiltering - Copying 0 resource from src\main\resources to target\classes
2024-01-09 15:34:52,491 [Worker-30: Building] INFO  o.a.m.s.f.DefaultMavenResourcesFiltering - Copying 0 resource from src\main\resources to target\classes
2024-01-09 15:34:52,492 [Worker-30: Building] INFO  o.a.m.s.f.DefaultMavenResourcesFiltering - skip non existing resourceDirectory D:\New folder\Phase3\Vaccination-Main Project\VaccinationCentreApplication\VaccinationCentreApplication\src\test\resources
2024-01-09 15:35:08,751 [Worker-30: Building] INFO  o.a.m.s.f.DefaultMavenResourcesFiltering - Copying 0 resource from src\main\resources to target\classes
2024-01-09 15:35:08,752 [Worker-30: Building] INFO  o.a.m.s.f.DefaultMavenResourcesFiltering - Copying 0 resource from src\main\resources to target\classes
2024-01-09 15:35:08,753 [Worker-30: Building] INFO  o.a.m.s.f.DefaultMavenResourcesFiltering - skip non existing resourceDirectory D:\New folder\Phase3\Vaccination-Main Project\VaccinationCentreApplication\VaccinationCentreApplication\src\test\resources
2024-01-09 15:35:23,968 [Worker-23: Building] INFO  o.a.m.s.f.DefaultMavenResourcesFiltering - Copying 0 resource from src\main\resources to target\classes
2024-01-09 15:35:23,968 [Worker-23: Building] INFO  o.a.m.s.f.DefaultMavenResourcesFiltering - Copying 0 resource from src\main\resources to target\classes
2024-01-09 15:35:23,972 [Worker-23: Building] INFO  o.a.m.s.f.DefaultMavenResourcesFiltering - skip non existing resourceDirectory D:\New folder\Phase3\Vaccination-Main Project\VaccinationCentreApplication\VaccinationCentreApplication\src\test\resources
2024-01-09 15:36:41,494 [Worker-30: Building] INFO  o.a.m.s.f.DefaultMavenResourcesFiltering - Copying 1 resource from src\main\resources to target\classes
2024-01-09 15:36:41,504 [Worker-30: Building] INFO  o.a.m.s.f.DefaultMavenResourcesFiltering - Copying 0 resource from src\main\resources to target\classes
2024-01-09 15:36:41,506 [Worker-30: Building] INFO  o.a.m.s.f.DefaultMavenResourcesFiltering - skip non existing resourceDirectory D:\New folder\Phase3\Vaccination-Main Project\VaccinationCentreApplication\VaccinationCentreApplication\src\test\resources
2024-01-09 15:38:29,378 [Worker-25: Updating Maven Project] INFO  o.e.m.c.i.p.ProjectConfigurationManager - Update started
2024-01-09 15:38:30,936 [Worker-25: Updating Maven Project] INFO  o.e.m.c.i.l.LifecycleMappingFactory - Using org.eclipse.m2e.jdt.JarLifecycleMapping lifecycle mapping for MavenProject: com.example:VaccinationCentreApplication:0.0.1-SNAPSHOT @ D:\New folder\Phase3\Vaccination-Main Project\VaccinationCentreApplication\VaccinationCentreApplication\pom.xml.
2024-01-09 15:38:33,905 [Worker-25: Updating Maven Project] INFO  o.e.m.j.i.AbstractJavaProjectConfigurator - Adding source folder /VaccinationCentreApplication/src/main/java
2024-01-09 15:38:33,906 [Worker-25: Updating Maven Project] INFO  o.e.m.j.i.AbstractJavaProjectConfigurator - Adding resource folder /VaccinationCentreApplication/src/main/resources
2024-01-09 15:38:33,906 [Worker-25: Updating Maven Project] INFO  o.e.m.j.i.AbstractJavaProjectConfigurator - Adding resource folder /VaccinationCentreApplication/src/main/resources
2024-01-09 15:38:33,906 [Worker-25: Updating Maven Project] INFO  o.e.m.j.i.AbstractJavaProjectConfigurator - Adding source folder /VaccinationCentreApplication/src/test/java
2024-01-09 15:38:33,906 [Worker-25: Updating Maven Project] INFO  o.e.m.j.i.AbstractJavaProjectConfigurator - Adding resource folder /VaccinationCentreApplication/src/test/resources
2024-01-09 15:38:35,570 [Worker-25: Updating Maven Project] INFO  o.e.m.c.i.p.ProjectConfigurationManager - Update completed for 1 poms: local refresh takes 0.00 sec, refresh facades takes 4.00 sec, update config takes 1.00 sec 
2024-01-09 15:38:36,354 [Worker-42: Building] INFO  o.a.m.s.f.DefaultMavenResourcesFiltering - Copying 1 resource from src\main\resources to target\classes
2024-01-09 15:38:36,368 [Worker-42: Building] INFO  o.a.m.s.f.DefaultMavenResourcesFiltering - Copying 0 resource from src\main\resources to target\classes
2024-01-09 15:38:36,372 [Worker-42: Building] INFO  o.a.m.s.f.DefaultMavenResourcesFiltering - skip non existing resourceDirectory D:\New folder\Phase3\Vaccination-Main Project\VaccinationCentreApplication\VaccinationCentreApplication\src\test\resources
2024-01-09 15:38:41,730 [Worker-47: Launching VaccinationCentreApplication] INFO  o.a.m.s.f.DefaultMavenResourcesFiltering - Copying 1 resource from src\main\resources to target\classes
2024-01-09 15:38:41,737 [Worker-47: Launching VaccinationCentreApplication] INFO  o.a.m.s.f.DefaultMavenResourcesFiltering - Copying 0 resource from src\main\resources to target\classes
2024-01-09 15:38:41,742 [Worker-47: Launching VaccinationCentreApplication] INFO  o.a.m.s.f.DefaultMavenResourcesFiltering - skip non existing resourceDirectory D:\New folder\Phase3\Vaccination-Main Project\VaccinationCentreApplication\VaccinationCentreApplication\src\test\resources
2024-01-09 17:25:56,795 [Worker-69: Building] INFO  o.a.m.s.f.DefaultMavenResourcesFiltering - Copying 1 resource from src\main\resources to target\classes
2024-01-09 17:25:56,851 [Worker-69: Building] INFO  o.a.m.s.f.DefaultMavenResourcesFiltering - Copying 0 resource from src\main\resources to target\classes
2024-01-09 17:25:56,855 [Worker-69: Building] INFO  o.a.m.s.f.DefaultMavenResourcesFiltering - skip non existing resourceDirectory D:\New folder\Phase3\Vaccination-Main Project\VaccinationCentreApplication\VaccinationCentreApplication\src\test\resources
2024-01-09 17:25:59,791 [Stop Help Server] INFO  org.eclipse.jetty.server.Server - Stopped oejs.Server@55c5a27e{STOPPING}[12.0.3,sto=0]
2024-01-09 17:25:59,798 [Stop Help Server] INFO  o.e.jetty.server.AbstractConnector - Stopped ServerConnector@2bb0afe1{HTTP/1.1, (http/1.1)}{127.0.0.1:0}
2024-01-09 17:27:32,070 [Worker-0: Loading available Gradle versions] INFO  o.e.b.c.i.u.g.PublishedGradleVersions - Gradle version information cache is up-to-date. Trying to read.
2024-01-09 17:28:33,849 [Start Help Server] INFO  org.eclipse.jetty.server.Server - jetty-12.0.3; built: 2023-10-27T03:25:22.284Z; git: a873259fd5af141dedaa6c7fa8fe8fbdedce0d61; jvm 18.0.1.1+2-6
2024-01-09 17:28:34,073 [Start Help Server] INFO  o.e.j.server.handler.ContextHandler - Started oeje8n.ContextHandler$CoreContextHandler@783bd597{/help,/help,b=null,a=AVAILABLE,h=oeje8n.ContextHandler$CoreContextHandler$CoreToNestedHandler@31481b53{STARTED}}
2024-01-09 17:28:34,074 [Start Help Server] INFO  o.e.j.s.DefaultSessionIdManager - Session workerName=node0
2024-01-09 17:28:34,168 [Start Help Server] INFO  o.e.jetty.server.AbstractConnector - Started ServerConnector@65c52b7c{HTTP/1.1, (http/1.1)}{127.0.0.1:57450}
2024-01-09 17:28:34,394 [Start Help Server] INFO  org.eclipse.jetty.server.Server - Started oejs.Server@11376a2f{STARTING}[12.0.3,sto=0] @80880ms
2024-01-10 14:55:05,248 [Worker-100: Building] INFO  o.a.m.s.f.DefaultMavenResourcesFiltering - Copying 1 resource from src\main\resources to target\classes
2024-01-10 14:55:05,387 [Worker-100: Building] INFO  o.a.m.s.f.DefaultMavenResourcesFiltering - Copying 0 resource from src\main\resources to target\classes
2024-01-10 14:55:05,395 [Worker-100: Building] INFO  o.a.m.s.f.DefaultMavenResourcesFiltering - skip non existing resourceDirectory D:\New folder\Phase3\Vaccination-Main Project\VaccinationCentreApplication\VaccinationCentreApplication\src\test\resources
2024-01-10 14:55:07,757 [Stop Help Server] INFO  org.eclipse.jetty.server.Server - Stopped oejs.Server@11376a2f{STOPPING}[12.0.3,sto=0]
2024-01-10 14:55:07,770 [Stop Help Server] INFO  o.e.jetty.server.AbstractConnector - Stopped ServerConnector@65c52b7c{HTTP/1.1, (http/1.1)}{127.0.0.1:0}
2024-01-10 14:56:13,632 [Worker-4: Loading available Gradle versions] INFO  o.e.b.c.i.u.g.PublishedGradleVersions - Gradle version information cache is up-to-date. Trying to read.
